<?xml version="1.0" encoding="UTF-8"?>
<robot generator="Robot 7.3.2 (Python 3.13.5 on win32)" generated="2025-09-19T00:48:54.072799" rpa="false" schemaversion="5">
<suite id="s1" name="Api Testing Auth" source="c:\Users\ghepp\Compass_Robot\tests\api_testing_auth.robot">
<test id="s1-t1" name="cenario 1: criar um novo token para usuario utilizar o Restful-booking" line="7">
<kw name="Criar sessão para API" owner="api_testing_auth">
<kw name="Create Session" owner="RequestsLibrary">
<msg time="2025-09-19T00:48:54.197272" level="INFO">Creating Session using : alias=api_testing, url=https://restful-booker.herokuapp.com, headers={},                     cookies={}, auth=None, timeout=None, proxies=None, verify=False,                     debug=0 </msg>
<arg>api_testing</arg>
<arg>https://restful-booker.herokuapp.com</arg>
<doc>Create Session: create a HTTP session to a server</doc>
<status status="PASS" start="2025-09-19T00:48:54.197030" elapsed="0.002142"/>
</kw>
<status status="PASS" start="2025-09-19T00:48:54.196114" elapsed="0.003252"/>
</kw>
<kw name="Criar um token novo" owner="api_testing_auth">
<kw name="Create Dictionary" owner="BuiltIn">
<msg time="2025-09-19T00:48:54.200489" level="INFO">${payload} = {'username': 'admin', 'password': 'password123'}</msg>
<var>${payload}</var>
<arg>username=admin</arg>
<arg>password=password123</arg>
<doc>Creates and returns a dictionary based on the given ``items``.</doc>
<status status="PASS" start="2025-09-19T00:48:54.200111" elapsed="0.000505"/>
</kw>
<kw name="POST On Session" owner="RequestsLibrary">
<msg time="2025-09-19T00:48:54.885679" level="INFO">POST Request : url=https://restful-booker.herokuapp.com/auth 
 path_url=/auth 
 headers={'User-Agent': 'python-requests/2.32.5', 'Accept-Encoding': 'gzip, deflate', 'Accept': '*/*', 'Connection': 'keep-alive', 'Content-Length': '48', 'Content-Type': 'application/json'} 
 body=b'{"username": "admin", "password": "password123"}' 
 </msg>
<msg time="2025-09-19T00:48:54.885910" level="INFO">POST Response : url=https://restful-booker.herokuapp.com/auth 
 status=200, reason=OK 
 headers={'Content-Length': '27', 'Content-Type': 'application/json; charset=utf-8', 'Date': 'Fri, 19 Sep 2025 03:48:53 GMT', 'Etag': 'W/"1b-Xk07UTeiUFkcFJTNEBolSp/VvRo"', 'Nel': '{"report_to":"heroku-nel","response_headers":["Via"],"max_age":3600,"success_fraction":0.01,"failure_fraction":0.1}', 'Report-To': '{"group":"heroku-nel","endpoints":[{"url":"https://nel.heroku.com/reports?s=nQ9fdNT82W6RFSI147r1NnfPrfnWYqzJaj9L08DFRBU%3D\\u0026sid=c46efe9b-d3d2-4a0c-8c76-bfafa16c5add\\u0026ts=1758253733"}],"max_age":3600}', 'Reporting-Endpoints': 'heroku-nel="https://nel.heroku.com/reports?s=nQ9fdNT82W6RFSI147r1NnfPrfnWYqzJaj9L08DFRBU%3D&amp;sid=c46efe9b-d3d2-4a0c-8c76-bfafa16c5add&amp;ts=1758253733"', 'Server': 'Heroku', 'Via': '1.1 heroku-router', 'X-Powered-By': 'Express'} 
 body={"token":"b4cc7a75d34e9dc"} 
 </msg>
<msg time="2025-09-19T00:48:54.886052" level="INFO">C:\Users\ghepp\AppData\Roaming\Python\Python313\site-packages\urllib3\connectionpool.py:1097: InsecureRequestWarning: Unverified HTTPS request is being made to host 'restful-booker.herokuapp.com'. Adding certificate verification is strongly advised. See: https://urllib3.readthedocs.io/en/latest/advanced-usage.html#tls-warnings
  warnings.warn(</msg>
<msg time="2025-09-19T00:48:54.886604" level="INFO">${response} = &lt;Response [200]&gt;</msg>
<var>${response}</var>
<arg>api_testing</arg>
<arg>/auth</arg>
<arg>json=${payload}</arg>
<doc>Sends a POST request on a previously created HTTP Session.</doc>
<status status="PASS" start="2025-09-19T00:48:54.200774" elapsed="0.686100"/>
</kw>
<kw name="Log To Console" owner="BuiltIn">
<arg>Response=${response.status_code}</arg>
<doc>Logs the given message to the console.</doc>
<status status="PASS" start="2025-09-19T00:48:54.887079" elapsed="0.000665"/>
</kw>
<kw name="Set Suite Variable" owner="BuiltIn">
<msg time="2025-09-19T00:48:54.888832" level="INFO">${status} = 200</msg>
<arg>${status}</arg>
<arg>${response.status_code}</arg>
<doc>Makes a variable available everywhere within the scope of the current suite.</doc>
<status status="PASS" start="2025-09-19T00:48:54.887979" elapsed="0.000981"/>
</kw>
<kw name="Set Variable" owner="BuiltIn">
<msg time="2025-09-19T00:48:54.889594" level="INFO">${token} = b4cc7a75d34e9dc</msg>
<var>${token}</var>
<arg>${response.json()['token']}</arg>
<doc>Returns the given values which can then be assigned to a variables.</doc>
<status status="PASS" start="2025-09-19T00:48:54.889113" elapsed="0.000576"/>
</kw>
<return>
<value>${token}</value>
<status status="PASS" start="2025-09-19T00:48:54.889794" elapsed="0.000106"/>
</return>
<status status="PASS" start="2025-09-19T00:48:54.199802" elapsed="0.690256"/>
</kw>
<kw name="Conferir se o token foi criado com sucesso" owner="api_testing_auth">
<kw name="Should Be Equal As Integers" owner="BuiltIn">
<msg time="2025-09-19T00:48:54.891257" level="INFO">Argument types are:
&lt;class 'int'&gt;
&lt;class 'str'&gt;</msg>
<arg>${status}</arg>
<arg>200</arg>
<doc>Fails if objects are unequal after converting them to integers.</doc>
<status status="PASS" start="2025-09-19T00:48:54.890930" elapsed="0.000513"/>
</kw>
<status status="PASS" start="2025-09-19T00:48:54.890563" elapsed="0.001058"/>
</kw>
<status status="PASS" start="2025-09-19T00:48:54.195363" elapsed="0.696740"/>
</test>
<status status="PASS" start="2025-09-19T00:48:54.077300" elapsed="0.815767"/>
</suite>
<statistics>
<total>
<stat pass="1" fail="0" skip="0">All Tests</stat>
</total>
<tag>
</tag>
<suite>
<stat name="Api Testing Auth" id="s1" pass="1" fail="0" skip="0">Api Testing Auth</stat>
</suite>
</statistics>
<errors>
</errors>
</robot>
