<?xml version="1.0" encoding="UTF-8"?>
<robot generator="Robot 6.1.1 (Python 3.13.5 on win32)" generated="20250924 00:14:09.530" rpa="false" schemaversion="4">
<suite id="s1" name="Booking Tests" source="C:\Users\ghepp\Compass_Robot\tests\booking_tests.robot">
<kw name="Run Keywords" library="BuiltIn" type="SETUP">
<arg>Setup Test Session</arg>
<arg>AND</arg>
<arg>Generate Authentication Token</arg>
<doc>Executes all the given keywords in a sequence.</doc>
<kw name="Setup Test Session" library="common_keywords">
<doc>Initialize API session for testing</doc>
<kw name="Create Session" library="RequestsLibrary">
<arg>${API_SESSION}</arg>
<arg>${BASE_URL}</arg>
<arg>timeout=${TIMEOUT}</arg>
<doc>Create Session: create a HTTP session to a server</doc>
<msg timestamp="20250924 00:14:09.816" level="INFO">Creating Session using : alias=api_session, url=https://restful-booker.herokuapp.com, headers={},                     cookies={}, auth=None, timeout=60, proxies=None, verify=False,                     debug=0 </msg>
<status status="PASS" starttime="20250924 00:14:09.815" endtime="20250924 00:14:09.816"/>
</kw>
<status status="PASS" starttime="20250924 00:14:09.815" endtime="20250924 00:14:09.816"/>
</kw>
<kw name="Generate Authentication Token" library="auth_keywords">
<doc>Generate authentication token for API access</doc>
<kw name="Create Dictionary" library="BuiltIn">
<var>${auth_payload}</var>
<arg>username=${username}</arg>
<arg>password=${password}</arg>
<doc>Creates and returns a dictionary based on the given ``items``.</doc>
<msg timestamp="20250924 00:14:09.817" level="INFO">${auth_payload} = {'username': 'admin', 'password': 'password123'}</msg>
<status status="PASS" starttime="20250924 00:14:09.817" endtime="20250924 00:14:09.817"/>
</kw>
<kw name="POST On Session" library="RequestsLibrary">
<var>${response}</var>
<arg>${API_SESSION}</arg>
<arg>${AUTH_ENDPOINT}</arg>
<arg>json=${auth_payload}</arg>
<arg>expected_status=200</arg>
<doc>Sends a POST request on a previously created HTTP Session.</doc>
<msg timestamp="20250924 00:14:20.849" level="INFO">POST Request : url=https://restful-booker.herokuapp.com/auth 
 path_url=/auth 
 headers={'User-Agent': 'python-requests/2.31.0', 'Accept-Encoding': 'gzip, deflate', 'Accept': '*/*', 'Connection': 'keep-alive', 'Content-Length': '48', 'Content-Type': 'application/json'} 
 body=b'{"username": "admin", "password": "password123"}' 
 </msg>
<msg timestamp="20250924 00:14:20.849" level="INFO">POST Response : url=https://restful-booker.herokuapp.com/auth 
 status=200, reason=OK 
 headers={'Content-Length': '27', 'Content-Type': 'application/json; charset=utf-8', 'Date': 'Wed, 24 Sep 2025 03:14:19 GMT', 'Etag': 'W/"1b-3YWTPsnKhkhlJ6jBh9H1XX7T5v4"', 'Nel': '{"report_to":"heroku-nel","response_headers":["Via"],"max_age":3600,"success_fraction":0.01,"failure_fraction":0.1}', 'Report-To': '{"group":"heroku-nel","endpoints":[{"url":"https://nel.heroku.com/reports?s=BbQwD2t%2F8klR%2BTregXEZw9gBrWiwsOcfF3lTRzpNXVA%3D\\u0026sid=c46efe9b-d3d2-4a0c-8c76-bfafa16c5add\\u0026ts=1758683659"}],"max_age":3600}', 'Reporting-Endpoints': 'heroku-nel="https://nel.heroku.com/reports?s=BbQwD2t%2F8klR%2BTregXEZw9gBrWiwsOcfF3lTRzpNXVA%3D&amp;sid=c46efe9b-d3d2-4a0c-8c76-bfafa16c5add&amp;ts=1758683659"', 'Server': 'Heroku', 'Via': '1.1 heroku-router', 'X-Powered-By': 'Express'} 
 body={"token":"7eaa5bde9726d8e"} 
 </msg>
<msg timestamp="20250924 00:14:20.850" level="INFO">C:\Users\ghepp\AppData\Roaming\Python\Python313\site-packages\urllib3\connectionpool.py:1097: InsecureRequestWarning: Unverified HTTPS request is being made to host 'restful-booker.herokuapp.com'. Adding certificate verification is strongly advised. See: https://urllib3.readthedocs.io/en/latest/advanced-usage.html#tls-warnings
  warnings.warn(</msg>
<msg timestamp="20250924 00:14:20.851" level="INFO">${response} = &lt;Response [200]&gt;</msg>
<status status="PASS" starttime="20250924 00:14:09.818" endtime="20250924 00:14:20.851"/>
</kw>
<kw name="Log Response Details" library="common_keywords">
<arg>${response}</arg>
<doc>Log detailed response information</doc>
<kw name="Log" library="BuiltIn">
<arg>Status Code: ${response.status_code}</arg>
<doc>Logs the given message with the given level.</doc>
<msg timestamp="20250924 00:14:20.854" level="INFO">Status Code: 200</msg>
<status status="PASS" starttime="20250924 00:14:20.852" endtime="20250924 00:14:20.854"/>
</kw>
<kw name="Log" library="BuiltIn">
<arg>Response Headers: ${response.headers}</arg>
<doc>Logs the given message with the given level.</doc>
<msg timestamp="20250924 00:14:20.856" level="INFO">Response Headers: {'Content-Length': '27', 'Content-Type': 'application/json; charset=utf-8', 'Date': 'Wed, 24 Sep 2025 03:14:19 GMT', 'Etag': 'W/"1b-3YWTPsnKhkhlJ6jBh9H1XX7T5v4"', 'Nel': '{"report_to":"heroku-nel","response_headers":["Via"],"max_age":3600,"success_fraction":0.01,"failure_fraction":0.1}', 'Report-To': '{"group":"heroku-nel","endpoints":[{"url":"https://nel.heroku.com/reports?s=BbQwD2t%2F8klR%2BTregXEZw9gBrWiwsOcfF3lTRzpNXVA%3D\\u0026sid=c46efe9b-d3d2-4a0c-8c76-bfafa16c5add\\u0026ts=1758683659"}],"max_age":3600}', 'Reporting-Endpoints': 'heroku-nel="https://nel.heroku.com/reports?s=BbQwD2t%2F8klR%2BTregXEZw9gBrWiwsOcfF3lTRzpNXVA%3D&amp;sid=c46efe9b-d3d2-4a0c-8c76-bfafa16c5add&amp;ts=1758683659"', 'Server': 'Heroku', 'Via': '1.1 heroku-router', 'X-Powered-By': 'Express'}</msg>
<status status="PASS" starttime="20250924 00:14:20.854" endtime="20250924 00:14:20.856"/>
</kw>
<kw name="Log" library="BuiltIn">
<arg>Response Body: ${response.text}</arg>
<doc>Logs the given message with the given level.</doc>
<msg timestamp="20250924 00:14:20.858" level="INFO">Response Body: {"token":"7eaa5bde9726d8e"}</msg>
<status status="PASS" starttime="20250924 00:14:20.856" endtime="20250924 00:14:20.858"/>
</kw>
<status status="PASS" starttime="20250924 00:14:20.851" endtime="20250924 00:14:20.858"/>
</kw>
<kw name="Get Value From Json" library="JSONLibrary">
<var>${token}</var>
<arg>${response.json()}</arg>
<arg>$.token</arg>
<doc>Get Value From JSON using JSONPath</doc>
<msg timestamp="20250924 00:14:20.907" level="INFO">${token} = ['7eaa5bde9726d8e']</msg>
<status status="PASS" starttime="20250924 00:14:20.859" endtime="20250924 00:14:20.907"/>
</kw>
<kw name="Get From List" library="Collections">
<var>${token}</var>
<arg>${token}</arg>
<arg>0</arg>
<doc>Returns the value specified with an ``index`` from ``list``.</doc>
<msg timestamp="20250924 00:14:20.908" level="INFO">${token} = 7eaa5bde9726d8e</msg>
<status status="PASS" starttime="20250924 00:14:20.907" endtime="20250924 00:14:20.908"/>
</kw>
<kw name="Set Suite Variable" library="BuiltIn">
<arg>${AUTH_TOKEN}</arg>
<arg>${token}</arg>
<doc>Makes a variable available everywhere within the scope of the current suite.</doc>
<msg timestamp="20250924 00:14:20.909" level="INFO">${AUTH_TOKEN} = 7eaa5bde9726d8e</msg>
<status status="PASS" starttime="20250924 00:14:20.908" endtime="20250924 00:14:20.909"/>
</kw>
<return>
<value>${token}</value>
<status status="PASS" starttime="20250924 00:14:20.909" endtime="20250924 00:14:20.909"/>
</return>
<status status="PASS" starttime="20250924 00:14:09.817" endtime="20250924 00:14:20.909"/>
</kw>
<status status="PASS" starttime="20250924 00:14:09.815" endtime="20250924 00:14:20.909"/>
</kw>
<test id="s1-t1" name="Test Create New Booking" line="17">
<kw name="Load Test Data" library="common_keywords">
<var>${test_data}</var>
<doc>Load test data from JSON file</doc>
<kw name="Join Path" library="OperatingSystem">
<var>${data_path}</var>
<arg>${EXECDIR}</arg>
<arg>data</arg>
<arg>${data_file}</arg>
<doc>Joins the given path part(s) to the given base path.</doc>
<msg timestamp="20250924 00:14:20.910" level="INFO">${data_path} = C:\Users\ghepp\Compass_Robot\data\booking_data.json</msg>
<status status="PASS" starttime="20250924 00:14:20.910" endtime="20250924 00:14:20.910"/>
</kw>
<kw name="Load Json From File" library="JSONLibrary">
<var>${test_data}</var>
<arg>${data_path}</arg>
<doc>Load JSON from file.</doc>
<msg timestamp="20250924 00:14:20.911" level="INFO">${test_data} = {'valid_bookings': [{'firstname': 'John', 'lastname': 'Doe', 'totalprice': 111, 'depositpaid': True, 'bookingdates': {'checkin': '2024-01-01', 'checkout': '2024-01-15'}, 'additionalneeds': 'Breakfast'...</msg>
<status status="PASS" starttime="20250924 00:14:20.910" endtime="20250924 00:14:20.911"/>
</kw>
<return>
<value>${test_data}</value>
<status status="PASS" starttime="20250924 00:14:20.911" endtime="20250924 00:14:20.911"/>
</return>
<msg timestamp="20250924 00:14:20.911" level="INFO">${test_data} = {'valid_bookings': [{'firstname': 'John', 'lastname': 'Doe', 'totalprice': 111, 'depositpaid': True, 'bookingdates': {'checkin': '2024-01-01', 'checkout': '2024-01-15'}, 'additionalneeds': 'Breakfast'...</msg>
<status status="PASS" starttime="20250924 00:14:20.909" endtime="20250924 00:14:20.911"/>
</kw>
<kw name="Get From Dictionary" library="Collections">
<var>${booking_data}</var>
<arg>${test_data}</arg>
<arg>valid_bookings</arg>
<doc>Returns a value from the given ``dictionary`` based on the given ``key``.</doc>
<msg timestamp="20250924 00:14:20.912" level="INFO">${booking_data} = [{'firstname': 'John', 'lastname': 'Doe', 'totalprice': 111, 'depositpaid': True, 'bookingdates': {'checkin': '2024-01-01', 'checkout': '2024-01-15'}, 'additionalneeds': 'Breakfast'}, {'firstname': 'J...</msg>
<status status="PASS" starttime="20250924 00:14:20.912" endtime="20250924 00:14:20.912"/>
</kw>
<kw name="Get From List" library="Collections">
<var>${booking_data}</var>
<arg>${booking_data}</arg>
<arg>0</arg>
<doc>Returns the value specified with an ``index`` from ``list``.</doc>
<msg timestamp="20250924 00:14:20.913" level="INFO">${booking_data} = {'firstname': 'John', 'lastname': 'Doe', 'totalprice': 111, 'depositpaid': True, 'bookingdates': {'checkin': '2024-01-01', 'checkout': '2024-01-15'}, 'additionalneeds': 'Breakfast'}</msg>
<status status="PASS" starttime="20250924 00:14:20.913" endtime="20250924 00:14:20.913"/>
</kw>
<kw name="Create New Booking" library="booking_keywords">
<var>${booking_id}</var>
<arg>${booking_data}</arg>
<doc>Create a new booking with provided data</doc>
<for flavor="IN RANGE">
<var>${attempt}</var>
<value>3</value>
<iter>
<var name="${attempt}">0</var>
<kw name="Run Keyword And Return Status" library="BuiltIn">
<var>${status}</var>
<arg>POST On Session</arg>
<arg>${API_SESSION}</arg>
<arg>${BOOKING_ENDPOINT}</arg>
<arg>json=${booking_data}</arg>
<arg>expected_status=200</arg>
<doc>Runs the given keyword with given arguments and returns the status as a Boolean value.</doc>
<kw name="POST On Session" library="RequestsLibrary">
<arg>${API_SESSION}</arg>
<arg>${BOOKING_ENDPOINT}</arg>
<arg>json=${booking_data}</arg>
<arg>expected_status=200</arg>
<doc>Sends a POST request on a previously created HTTP Session.</doc>
<msg timestamp="20250924 00:14:21.669" level="INFO">POST Request : url=https://restful-booker.herokuapp.com/booking 
 path_url=/booking 
 headers={'User-Agent': 'python-requests/2.31.0', 'Accept-Encoding': 'gzip, deflate', 'Accept': '*/*', 'Connection': 'keep-alive', 'Content-Length': '181', 'Content-Type': 'application/json'} 
 body=b'{"firstname": "John", "lastname": "Doe", "totalprice": 111, "depositpaid": true, "bookingdates": {"checkin": "2024-01-01", "checkout": "2024-01-15"}, "additionalneeds": "Breakfast"}' 
 </msg>
<msg timestamp="20250924 00:14:21.669" level="INFO">POST Response : url=https://restful-booker.herokuapp.com/booking 
 status=200, reason=OK 
 headers={'Content-Length': '196', 'Content-Type': 'application/json; charset=utf-8', 'Date': 'Wed, 24 Sep 2025 03:14:19 GMT', 'Etag': 'W/"c4-nFalOSHRa6TQn6U/EpB7l0VQakc"', 'Nel': '{"report_to":"heroku-nel","response_headers":["Via"],"max_age":3600,"success_fraction":0.01,"failure_fraction":0.1}', 'Report-To': '{"group":"heroku-nel","endpoints":[{"url":"https://nel.heroku.com/reports?s=BbQwD2t%2F8klR%2BTregXEZw9gBrWiwsOcfF3lTRzpNXVA%3D\\u0026sid=c46efe9b-d3d2-4a0c-8c76-bfafa16c5add\\u0026ts=1758683659"}],"max_age":3600}', 'Reporting-Endpoints': 'heroku-nel="https://nel.heroku.com/reports?s=BbQwD2t%2F8klR%2BTregXEZw9gBrWiwsOcfF3lTRzpNXVA%3D&amp;sid=c46efe9b-d3d2-4a0c-8c76-bfafa16c5add&amp;ts=1758683659"', 'Server': 'Heroku', 'Via': '1.1 heroku-router', 'X-Powered-By': 'Express'} 
 body={"bookingid":1898,"booking":{"firstname":"John","lastname":"Doe","totalprice":111,"depositpaid":true,"bookingdates":{"checkin":"2024-01-01","checkout":"2024-01-15"},"additionalneeds":"Breakfast"}} 
 </msg>
<msg timestamp="20250924 00:14:21.670" level="INFO">C:\Users\ghepp\AppData\Roaming\Python\Python313\site-packages\urllib3\connectionpool.py:1097: InsecureRequestWarning: Unverified HTTPS request is being made to host 'restful-booker.herokuapp.com'. Adding certificate verification is strongly advised. See: https://urllib3.readthedocs.io/en/latest/advanced-usage.html#tls-warnings
  warnings.warn(</msg>
<status status="PASS" starttime="20250924 00:14:20.914" endtime="20250924 00:14:21.671"/>
</kw>
<msg timestamp="20250924 00:14:21.671" level="INFO">${status} = True</msg>
<status status="PASS" starttime="20250924 00:14:20.914" endtime="20250924 00:14:21.671"/>
</kw>
<if>
<branch type="IF" condition="${status}">
<kw name="POST On Session" library="RequestsLibrary">
<var>${response}</var>
<arg>${API_SESSION}</arg>
<arg>${BOOKING_ENDPOINT}</arg>
<arg>json=${booking_data}</arg>
<arg>expected_status=200</arg>
<doc>Sends a POST request on a previously created HTTP Session.</doc>
<msg timestamp="20250924 00:14:22.385" level="INFO">POST Request : url=https://restful-booker.herokuapp.com/booking 
 path_url=/booking 
 headers={'User-Agent': 'python-requests/2.31.0', 'Accept-Encoding': 'gzip, deflate', 'Accept': '*/*', 'Connection': 'keep-alive', 'Content-Length': '181', 'Content-Type': 'application/json'} 
 body=b'{"firstname": "John", "lastname": "Doe", "totalprice": 111, "depositpaid": true, "bookingdates": {"checkin": "2024-01-01", "checkout": "2024-01-15"}, "additionalneeds": "Breakfast"}' 
 </msg>
<msg timestamp="20250924 00:14:22.386" level="INFO">POST Response : url=https://restful-booker.herokuapp.com/booking 
 status=200, reason=OK 
 headers={'Content-Length': '196', 'Content-Type': 'application/json; charset=utf-8', 'Date': 'Wed, 24 Sep 2025 03:14:20 GMT', 'Etag': 'W/"c4-jlwzjvJq5YHv51FLEzVOPxoHJ6Q"', 'Nel': '{"report_to":"heroku-nel","response_headers":["Via"],"max_age":3600,"success_fraction":0.01,"failure_fraction":0.1}', 'Report-To': '{"group":"heroku-nel","endpoints":[{"url":"https://nel.heroku.com/reports?s=fBE8CeFmOBjHdr0gBzsybTUfP4c2d24miMxTwo5nLVg%3D\\u0026sid=c46efe9b-d3d2-4a0c-8c76-bfafa16c5add\\u0026ts=1758683660"}],"max_age":3600}', 'Reporting-Endpoints': 'heroku-nel="https://nel.heroku.com/reports?s=fBE8CeFmOBjHdr0gBzsybTUfP4c2d24miMxTwo5nLVg%3D&amp;sid=c46efe9b-d3d2-4a0c-8c76-bfafa16c5add&amp;ts=1758683660"', 'Server': 'Heroku', 'Via': '1.1 heroku-router', 'X-Powered-By': 'Express'} 
 body={"bookingid":1903,"booking":{"firstname":"John","lastname":"Doe","totalprice":111,"depositpaid":true,"bookingdates":{"checkin":"2024-01-01","checkout":"2024-01-15"},"additionalneeds":"Breakfast"}} 
 </msg>
<msg timestamp="20250924 00:14:22.386" level="INFO">C:\Users\ghepp\AppData\Roaming\Python\Python313\site-packages\urllib3\connectionpool.py:1097: InsecureRequestWarning: Unverified HTTPS request is being made to host 'restful-booker.herokuapp.com'. Adding certificate verification is strongly advised. See: https://urllib3.readthedocs.io/en/latest/advanced-usage.html#tls-warnings
  warnings.warn(</msg>
<msg timestamp="20250924 00:14:22.387" level="INFO">${response} = &lt;Response [200]&gt;</msg>
<status status="PASS" starttime="20250924 00:14:21.672" endtime="20250924 00:14:22.388"/>
</kw>
<break>
<status status="PASS" starttime="20250924 00:14:22.388" endtime="20250924 00:14:22.388"/>
</break>
<status status="PASS" starttime="20250924 00:14:21.672" endtime="20250924 00:14:22.388"/>
</branch>
<status status="PASS" starttime="20250924 00:14:21.672" endtime="20250924 00:14:22.388"/>
</if>
<kw name="Sleep" library="BuiltIn">
<arg>2s</arg>
<doc>Pauses the test executed for the given time.</doc>
<status status="NOT RUN" starttime="20250924 00:14:22.389" endtime="20250924 00:14:22.389"/>
</kw>
<status status="PASS" starttime="20250924 00:14:20.914" endtime="20250924 00:14:22.389"/>
</iter>
<status status="PASS" starttime="20250924 00:14:20.914" endtime="20250924 00:14:22.389"/>
</for>
<kw name="Should Be True" library="BuiltIn">
<arg>${status}</arg>
<arg>Failed to create booking after 3 attempts</arg>
<doc>Fails if the given condition is not true.</doc>
<status status="PASS" starttime="20250924 00:14:22.390" endtime="20250924 00:14:22.390"/>
</kw>
<kw name="Log Response Details" library="common_keywords">
<arg>${response}</arg>
<doc>Log detailed response information</doc>
<kw name="Log" library="BuiltIn">
<arg>Status Code: ${response.status_code}</arg>
<doc>Logs the given message with the given level.</doc>
<msg timestamp="20250924 00:14:22.393" level="INFO">Status Code: 200</msg>
<status status="PASS" starttime="20250924 00:14:22.391" endtime="20250924 00:14:22.393"/>
</kw>
<kw name="Log" library="BuiltIn">
<arg>Response Headers: ${response.headers}</arg>
<doc>Logs the given message with the given level.</doc>
<msg timestamp="20250924 00:14:22.395" level="INFO">Response Headers: {'Content-Length': '196', 'Content-Type': 'application/json; charset=utf-8', 'Date': 'Wed, 24 Sep 2025 03:14:20 GMT', 'Etag': 'W/"c4-jlwzjvJq5YHv51FLEzVOPxoHJ6Q"', 'Nel': '{"report_to":"heroku-nel","response_headers":["Via"],"max_age":3600,"success_fraction":0.01,"failure_fraction":0.1}', 'Report-To': '{"group":"heroku-nel","endpoints":[{"url":"https://nel.heroku.com/reports?s=fBE8CeFmOBjHdr0gBzsybTUfP4c2d24miMxTwo5nLVg%3D\\u0026sid=c46efe9b-d3d2-4a0c-8c76-bfafa16c5add\\u0026ts=1758683660"}],"max_age":3600}', 'Reporting-Endpoints': 'heroku-nel="https://nel.heroku.com/reports?s=fBE8CeFmOBjHdr0gBzsybTUfP4c2d24miMxTwo5nLVg%3D&amp;sid=c46efe9b-d3d2-4a0c-8c76-bfafa16c5add&amp;ts=1758683660"', 'Server': 'Heroku', 'Via': '1.1 heroku-router', 'X-Powered-By': 'Express'}</msg>
<status status="PASS" starttime="20250924 00:14:22.394" endtime="20250924 00:14:22.396"/>
</kw>
<kw name="Log" library="BuiltIn">
<arg>Response Body: ${response.text}</arg>
<doc>Logs the given message with the given level.</doc>
<msg timestamp="20250924 00:14:22.398" level="INFO">Response Body: {"bookingid":1903,"booking":{"firstname":"John","lastname":"Doe","totalprice":111,"depositpaid":true,"bookingdates":{"checkin":"2024-01-01","checkout":"2024-01-15"},"additionalneeds":"Breakfast"}}</msg>
<status status="PASS" starttime="20250924 00:14:22.396" endtime="20250924 00:14:22.398"/>
</kw>
<status status="PASS" starttime="20250924 00:14:22.391" endtime="20250924 00:14:22.398"/>
</kw>
<kw name="Get Value From Json" library="JSONLibrary">
<var>${booking_id}</var>
<arg>${response.json()}</arg>
<arg>$.bookingid</arg>
<doc>Get Value From JSON using JSONPath</doc>
<msg timestamp="20250924 00:14:22.440" level="INFO">${booking_id} = [1903]</msg>
<status status="PASS" starttime="20250924 00:14:22.398" endtime="20250924 00:14:22.440"/>
</kw>
<kw name="Get From List" library="Collections">
<var>${booking_id}</var>
<arg>${booking_id}</arg>
<arg>0</arg>
<doc>Returns the value specified with an ``index`` from ``list``.</doc>
<msg timestamp="20250924 00:14:22.440" level="INFO">${booking_id} = 1903</msg>
<status status="PASS" starttime="20250924 00:14:22.440" endtime="20250924 00:14:22.440"/>
</kw>
<kw name="Set Suite Variable" library="BuiltIn">
<arg>${CURRENT_BOOKING_ID}</arg>
<arg>${booking_id}</arg>
<doc>Makes a variable available everywhere within the scope of the current suite.</doc>
<msg timestamp="20250924 00:14:22.441" level="INFO">${CURRENT_BOOKING_ID} = 1903</msg>
<status status="PASS" starttime="20250924 00:14:22.441" endtime="20250924 00:14:22.441"/>
</kw>
<kw name="Set Suite Variable" library="BuiltIn">
<arg>${CREATE_RESPONSE}</arg>
<arg>${response}</arg>
<doc>Makes a variable available everywhere within the scope of the current suite.</doc>
<msg timestamp="20250924 00:14:22.442" level="INFO">${CREATE_RESPONSE} = &lt;Response [200]&gt;</msg>
<status status="PASS" starttime="20250924 00:14:22.442" endtime="20250924 00:14:22.442"/>
</kw>
<return>
<value>${booking_id}</value>
<status status="PASS" starttime="20250924 00:14:22.442" endtime="20250924 00:14:22.443"/>
</return>
<msg timestamp="20250924 00:14:22.443" level="INFO">${booking_id} = 1903</msg>
<status status="PASS" starttime="20250924 00:14:20.913" endtime="20250924 00:14:22.443"/>
</kw>
<kw name="Should Be True" library="BuiltIn">
<arg>${booking_id} &gt; 0</arg>
<doc>Fails if the given condition is not true.</doc>
<status status="PASS" starttime="20250924 00:14:22.443" endtime="20250924 00:14:22.443"/>
</kw>
<kw name="Log" library="BuiltIn">
<arg>Created Booking ID: ${booking_id}</arg>
<doc>Logs the given message with the given level.</doc>
<msg timestamp="20250924 00:14:22.444" level="INFO">Created Booking ID: 1903</msg>
<status status="PASS" starttime="20250924 00:14:22.444" endtime="20250924 00:14:22.444"/>
</kw>
<doc>Verify booking creation with valid data</doc>
<tag>booking</tag>
<tag>crud</tag>
<tag>smoke</tag>
<status status="PASS" starttime="20250924 00:14:20.909" endtime="20250924 00:14:22.444"/>
</test>
<test id="s1-t2" name="Test Get Existing Booking" line="30">
<kw name="Load Test Data" library="common_keywords">
<var>${test_data}</var>
<doc>Load test data from JSON file</doc>
<kw name="Join Path" library="OperatingSystem">
<var>${data_path}</var>
<arg>${EXECDIR}</arg>
<arg>data</arg>
<arg>${data_file}</arg>
<doc>Joins the given path part(s) to the given base path.</doc>
<msg timestamp="20250924 00:14:22.447" level="INFO">${data_path} = C:\Users\ghepp\Compass_Robot\data\booking_data.json</msg>
<status status="PASS" starttime="20250924 00:14:22.447" endtime="20250924 00:14:22.447"/>
</kw>
<kw name="Load Json From File" library="JSONLibrary">
<var>${test_data}</var>
<arg>${data_path}</arg>
<doc>Load JSON from file.</doc>
<msg timestamp="20250924 00:14:22.447" level="INFO">${test_data} = {'valid_bookings': [{'firstname': 'John', 'lastname': 'Doe', 'totalprice': 111, 'depositpaid': True, 'bookingdates': {'checkin': '2024-01-01', 'checkout': '2024-01-15'}, 'additionalneeds': 'Breakfast'...</msg>
<status status="PASS" starttime="20250924 00:14:22.447" endtime="20250924 00:14:22.447"/>
</kw>
<return>
<value>${test_data}</value>
<status status="PASS" starttime="20250924 00:14:22.447" endtime="20250924 00:14:22.448"/>
</return>
<msg timestamp="20250924 00:14:22.448" level="INFO">${test_data} = {'valid_bookings': [{'firstname': 'John', 'lastname': 'Doe', 'totalprice': 111, 'depositpaid': True, 'bookingdates': {'checkin': '2024-01-01', 'checkout': '2024-01-15'}, 'additionalneeds': 'Breakfast'...</msg>
<status status="PASS" starttime="20250924 00:14:22.446" endtime="20250924 00:14:22.448"/>
</kw>
<kw name="Get From Dictionary" library="Collections">
<var>${booking_data}</var>
<arg>${test_data}</arg>
<arg>valid_bookings</arg>
<doc>Returns a value from the given ``dictionary`` based on the given ``key``.</doc>
<msg timestamp="20250924 00:14:22.448" level="INFO">${booking_data} = [{'firstname': 'John', 'lastname': 'Doe', 'totalprice': 111, 'depositpaid': True, 'bookingdates': {'checkin': '2024-01-01', 'checkout': '2024-01-15'}, 'additionalneeds': 'Breakfast'}, {'firstname': 'J...</msg>
<status status="PASS" starttime="20250924 00:14:22.448" endtime="20250924 00:14:22.448"/>
</kw>
<kw name="Get From List" library="Collections">
<var>${booking_data}</var>
<arg>${booking_data}</arg>
<arg>0</arg>
<doc>Returns the value specified with an ``index`` from ``list``.</doc>
<msg timestamp="20250924 00:14:22.449" level="INFO">${booking_data} = {'firstname': 'John', 'lastname': 'Doe', 'totalprice': 111, 'depositpaid': True, 'bookingdates': {'checkin': '2024-01-01', 'checkout': '2024-01-15'}, 'additionalneeds': 'Breakfast'}</msg>
<status status="PASS" starttime="20250924 00:14:22.449" endtime="20250924 00:14:22.449"/>
</kw>
<kw name="Create New Booking" library="booking_keywords">
<arg>${booking_data}</arg>
<doc>Create a new booking with provided data</doc>
<for flavor="IN RANGE">
<var>${attempt}</var>
<value>3</value>
<iter>
<var name="${attempt}">0</var>
<kw name="Run Keyword And Return Status" library="BuiltIn">
<var>${status}</var>
<arg>POST On Session</arg>
<arg>${API_SESSION}</arg>
<arg>${BOOKING_ENDPOINT}</arg>
<arg>json=${booking_data}</arg>
<arg>expected_status=200</arg>
<doc>Runs the given keyword with given arguments and returns the status as a Boolean value.</doc>
<kw name="POST On Session" library="RequestsLibrary">
<arg>${API_SESSION}</arg>
<arg>${BOOKING_ENDPOINT}</arg>
<arg>json=${booking_data}</arg>
<arg>expected_status=200</arg>
<doc>Sends a POST request on a previously created HTTP Session.</doc>
<msg timestamp="20250924 00:14:22.598" level="INFO">POST Request : url=https://restful-booker.herokuapp.com/booking 
 path_url=/booking 
 headers={'User-Agent': 'python-requests/2.31.0', 'Accept-Encoding': 'gzip, deflate', 'Accept': '*/*', 'Connection': 'keep-alive', 'Content-Length': '181', 'Content-Type': 'application/json'} 
 body=b'{"firstname": "John", "lastname": "Doe", "totalprice": 111, "depositpaid": true, "bookingdates": {"checkin": "2024-01-01", "checkout": "2024-01-15"}, "additionalneeds": "Breakfast"}' 
 </msg>
<msg timestamp="20250924 00:14:22.598" level="INFO">POST Response : url=https://restful-booker.herokuapp.com/booking 
 status=200, reason=OK 
 headers={'Content-Length': '196', 'Content-Type': 'application/json; charset=utf-8', 'Date': 'Wed, 24 Sep 2025 03:14:21 GMT', 'Etag': 'W/"c4-qbRZhUyGpdCpJmy2QuEJd+YK/5A"', 'Nel': '{"report_to":"heroku-nel","response_headers":["Via"],"max_age":3600,"success_fraction":0.01,"failure_fraction":0.1}', 'Report-To': '{"group":"heroku-nel","endpoints":[{"url":"https://nel.heroku.com/reports?s=RphbpXrjNYfQoyfVHkeFmCQpiXVIRHyp5QC9xP2kxFs%3D\\u0026sid=c46efe9b-d3d2-4a0c-8c76-bfafa16c5add\\u0026ts=1758683661"}],"max_age":3600}', 'Reporting-Endpoints': 'heroku-nel="https://nel.heroku.com/reports?s=RphbpXrjNYfQoyfVHkeFmCQpiXVIRHyp5QC9xP2kxFs%3D&amp;sid=c46efe9b-d3d2-4a0c-8c76-bfafa16c5add&amp;ts=1758683661"', 'Server': 'Heroku', 'Via': '1.1 heroku-router', 'X-Powered-By': 'Express'} 
 body={"bookingid":1909,"booking":{"firstname":"John","lastname":"Doe","totalprice":111,"depositpaid":true,"bookingdates":{"checkin":"2024-01-01","checkout":"2024-01-15"},"additionalneeds":"Breakfast"}} 
 </msg>
<msg timestamp="20250924 00:14:22.598" level="INFO">C:\Users\ghepp\AppData\Roaming\Python\Python313\site-packages\urllib3\connectionpool.py:1097: InsecureRequestWarning: Unverified HTTPS request is being made to host 'restful-booker.herokuapp.com'. Adding certificate verification is strongly advised. See: https://urllib3.readthedocs.io/en/latest/advanced-usage.html#tls-warnings
  warnings.warn(</msg>
<status status="PASS" starttime="20250924 00:14:22.451" endtime="20250924 00:14:22.599"/>
</kw>
<msg timestamp="20250924 00:14:22.599" level="INFO">${status} = True</msg>
<status status="PASS" starttime="20250924 00:14:22.451" endtime="20250924 00:14:22.599"/>
</kw>
<if>
<branch type="IF" condition="${status}">
<kw name="POST On Session" library="RequestsLibrary">
<var>${response}</var>
<arg>${API_SESSION}</arg>
<arg>${BOOKING_ENDPOINT}</arg>
<arg>json=${booking_data}</arg>
<arg>expected_status=200</arg>
<doc>Sends a POST request on a previously created HTTP Session.</doc>
<msg timestamp="20250924 00:14:22.746" level="INFO">POST Request : url=https://restful-booker.herokuapp.com/booking 
 path_url=/booking 
 headers={'User-Agent': 'python-requests/2.31.0', 'Accept-Encoding': 'gzip, deflate', 'Accept': '*/*', 'Connection': 'keep-alive', 'Content-Length': '181', 'Content-Type': 'application/json'} 
 body=b'{"firstname": "John", "lastname": "Doe", "totalprice": 111, "depositpaid": true, "bookingdates": {"checkin": "2024-01-01", "checkout": "2024-01-15"}, "additionalneeds": "Breakfast"}' 
 </msg>
<msg timestamp="20250924 00:14:22.746" level="INFO">POST Response : url=https://restful-booker.herokuapp.com/booking 
 status=200, reason=OK 
 headers={'Content-Length': '196', 'Content-Type': 'application/json; charset=utf-8', 'Date': 'Wed, 24 Sep 2025 03:14:21 GMT', 'Etag': 'W/"c4-6KG0IUxabNJ1XDrbUceVxi+FejY"', 'Nel': '{"report_to":"heroku-nel","response_headers":["Via"],"max_age":3600,"success_fraction":0.01,"failure_fraction":0.1}', 'Report-To': '{"group":"heroku-nel","endpoints":[{"url":"https://nel.heroku.com/reports?s=RphbpXrjNYfQoyfVHkeFmCQpiXVIRHyp5QC9xP2kxFs%3D\\u0026sid=c46efe9b-d3d2-4a0c-8c76-bfafa16c5add\\u0026ts=1758683661"}],"max_age":3600}', 'Reporting-Endpoints': 'heroku-nel="https://nel.heroku.com/reports?s=RphbpXrjNYfQoyfVHkeFmCQpiXVIRHyp5QC9xP2kxFs%3D&amp;sid=c46efe9b-d3d2-4a0c-8c76-bfafa16c5add&amp;ts=1758683661"', 'Server': 'Heroku', 'Via': '1.1 heroku-router', 'X-Powered-By': 'Express'} 
 body={"bookingid":1911,"booking":{"firstname":"John","lastname":"Doe","totalprice":111,"depositpaid":true,"bookingdates":{"checkin":"2024-01-01","checkout":"2024-01-15"},"additionalneeds":"Breakfast"}} 
 </msg>
<msg timestamp="20250924 00:14:22.746" level="INFO">C:\Users\ghepp\AppData\Roaming\Python\Python313\site-packages\urllib3\connectionpool.py:1097: InsecureRequestWarning: Unverified HTTPS request is being made to host 'restful-booker.herokuapp.com'. Adding certificate verification is strongly advised. See: https://urllib3.readthedocs.io/en/latest/advanced-usage.html#tls-warnings
  warnings.warn(</msg>
<msg timestamp="20250924 00:14:22.747" level="INFO">${response} = &lt;Response [200]&gt;</msg>
<status status="PASS" starttime="20250924 00:14:22.599" endtime="20250924 00:14:22.747"/>
</kw>
<break>
<status status="PASS" starttime="20250924 00:14:22.747" endtime="20250924 00:14:22.747"/>
</break>
<status status="PASS" starttime="20250924 00:14:22.599" endtime="20250924 00:14:22.747"/>
</branch>
<status status="PASS" starttime="20250924 00:14:22.599" endtime="20250924 00:14:22.747"/>
</if>
<kw name="Sleep" library="BuiltIn">
<arg>2s</arg>
<doc>Pauses the test executed for the given time.</doc>
<status status="NOT RUN" starttime="20250924 00:14:22.747" endtime="20250924 00:14:22.748"/>
</kw>
<status status="PASS" starttime="20250924 00:14:22.450" endtime="20250924 00:14:22.748"/>
</iter>
<status status="PASS" starttime="20250924 00:14:22.450" endtime="20250924 00:14:22.748"/>
</for>
<kw name="Should Be True" library="BuiltIn">
<arg>${status}</arg>
<arg>Failed to create booking after 3 attempts</arg>
<doc>Fails if the given condition is not true.</doc>
<status status="PASS" starttime="20250924 00:14:22.748" endtime="20250924 00:14:22.748"/>
</kw>
<kw name="Log Response Details" library="common_keywords">
<arg>${response}</arg>
<doc>Log detailed response information</doc>
<kw name="Log" library="BuiltIn">
<arg>Status Code: ${response.status_code}</arg>
<doc>Logs the given message with the given level.</doc>
<msg timestamp="20250924 00:14:22.749" level="INFO">Status Code: 200</msg>
<status status="PASS" starttime="20250924 00:14:22.748" endtime="20250924 00:14:22.749"/>
</kw>
<kw name="Log" library="BuiltIn">
<arg>Response Headers: ${response.headers}</arg>
<doc>Logs the given message with the given level.</doc>
<msg timestamp="20250924 00:14:22.749" level="INFO">Response Headers: {'Content-Length': '196', 'Content-Type': 'application/json; charset=utf-8', 'Date': 'Wed, 24 Sep 2025 03:14:21 GMT', 'Etag': 'W/"c4-6KG0IUxabNJ1XDrbUceVxi+FejY"', 'Nel': '{"report_to":"heroku-nel","response_headers":["Via"],"max_age":3600,"success_fraction":0.01,"failure_fraction":0.1}', 'Report-To': '{"group":"heroku-nel","endpoints":[{"url":"https://nel.heroku.com/reports?s=RphbpXrjNYfQoyfVHkeFmCQpiXVIRHyp5QC9xP2kxFs%3D\\u0026sid=c46efe9b-d3d2-4a0c-8c76-bfafa16c5add\\u0026ts=1758683661"}],"max_age":3600}', 'Reporting-Endpoints': 'heroku-nel="https://nel.heroku.com/reports?s=RphbpXrjNYfQoyfVHkeFmCQpiXVIRHyp5QC9xP2kxFs%3D&amp;sid=c46efe9b-d3d2-4a0c-8c76-bfafa16c5add&amp;ts=1758683661"', 'Server': 'Heroku', 'Via': '1.1 heroku-router', 'X-Powered-By': 'Express'}</msg>
<status status="PASS" starttime="20250924 00:14:22.749" endtime="20250924 00:14:22.750"/>
</kw>
<kw name="Log" library="BuiltIn">
<arg>Response Body: ${response.text}</arg>
<doc>Logs the given message with the given level.</doc>
<msg timestamp="20250924 00:14:22.750" level="INFO">Response Body: {"bookingid":1911,"booking":{"firstname":"John","lastname":"Doe","totalprice":111,"depositpaid":true,"bookingdates":{"checkin":"2024-01-01","checkout":"2024-01-15"},"additionalneeds":"Breakfast"}}</msg>
<status status="PASS" starttime="20250924 00:14:22.750" endtime="20250924 00:14:22.750"/>
</kw>
<status status="PASS" starttime="20250924 00:14:22.748" endtime="20250924 00:14:22.750"/>
</kw>
<kw name="Get Value From Json" library="JSONLibrary">
<var>${booking_id}</var>
<arg>${response.json()}</arg>
<arg>$.bookingid</arg>
<doc>Get Value From JSON using JSONPath</doc>
<msg timestamp="20250924 00:14:22.771" level="INFO">${booking_id} = [1911]</msg>
<status status="PASS" starttime="20250924 00:14:22.750" endtime="20250924 00:14:22.771"/>
</kw>
<kw name="Get From List" library="Collections">
<var>${booking_id}</var>
<arg>${booking_id}</arg>
<arg>0</arg>
<doc>Returns the value specified with an ``index`` from ``list``.</doc>
<msg timestamp="20250924 00:14:22.771" level="INFO">${booking_id} = 1911</msg>
<status status="PASS" starttime="20250924 00:14:22.771" endtime="20250924 00:14:22.771"/>
</kw>
<kw name="Set Suite Variable" library="BuiltIn">
<arg>${CURRENT_BOOKING_ID}</arg>
<arg>${booking_id}</arg>
<doc>Makes a variable available everywhere within the scope of the current suite.</doc>
<msg timestamp="20250924 00:14:22.772" level="INFO">${CURRENT_BOOKING_ID} = 1911</msg>
<status status="PASS" starttime="20250924 00:14:22.772" endtime="20250924 00:14:22.772"/>
</kw>
<kw name="Set Suite Variable" library="BuiltIn">
<arg>${CREATE_RESPONSE}</arg>
<arg>${response}</arg>
<doc>Makes a variable available everywhere within the scope of the current suite.</doc>
<msg timestamp="20250924 00:14:22.772" level="INFO">${CREATE_RESPONSE} = &lt;Response [200]&gt;</msg>
<status status="PASS" starttime="20250924 00:14:22.772" endtime="20250924 00:14:22.772"/>
</kw>
<return>
<value>${booking_id}</value>
<status status="PASS" starttime="20250924 00:14:22.772" endtime="20250924 00:14:22.773"/>
</return>
<status status="PASS" starttime="20250924 00:14:22.450" endtime="20250924 00:14:22.773"/>
</kw>
<kw name="Get Booking By ID" library="booking_keywords">
<var>${response}</var>
<doc>Retrieve booking details by ID</doc>
<kw name="GET On Session" library="RequestsLibrary">
<var>${response}</var>
<arg>${API_SESSION}</arg>
<arg>${BOOKING_ENDPOINT}/${booking_id}</arg>
<arg>expected_status=any</arg>
<doc>Sends a GET request on a previously created HTTP Session.</doc>
<msg timestamp="20250924 00:14:22.921" level="INFO">GET Request : url=https://restful-booker.herokuapp.com/booking/1911 
 path_url=/booking/1911 
 headers={'User-Agent': 'python-requests/2.31.0', 'Accept-Encoding': 'gzip, deflate', 'Accept': '*/*', 'Connection': 'keep-alive'} 
 body=None 
 </msg>
<msg timestamp="20250924 00:14:22.921" level="INFO">GET Response : url=https://restful-booker.herokuapp.com/booking/1911 
 status=200, reason=OK 
 headers={'Content-Length': '167', 'Content-Type': 'application/json; charset=utf-8', 'Date': 'Wed, 24 Sep 2025 03:14:21 GMT', 'Etag': 'W/"a7-/2o+zdhrxaQCWYDygYiVtZokZxw"', 'Nel': '{"report_to":"heroku-nel","response_headers":["Via"],"max_age":3600,"success_fraction":0.01,"failure_fraction":0.1}', 'Report-To': '{"group":"heroku-nel","endpoints":[{"url":"https://nel.heroku.com/reports?s=RphbpXrjNYfQoyfVHkeFmCQpiXVIRHyp5QC9xP2kxFs%3D\\u0026sid=c46efe9b-d3d2-4a0c-8c76-bfafa16c5add\\u0026ts=1758683661"}],"max_age":3600}', 'Reporting-Endpoints': 'heroku-nel="https://nel.heroku.com/reports?s=RphbpXrjNYfQoyfVHkeFmCQpiXVIRHyp5QC9xP2kxFs%3D&amp;sid=c46efe9b-d3d2-4a0c-8c76-bfafa16c5add&amp;ts=1758683661"', 'Server': 'Heroku', 'Via': '1.1 heroku-router', 'X-Powered-By': 'Express'} 
 body={"firstname":"John","lastname":"Doe","totalprice":111,"depositpaid":true,"bookingdates":{"checkin":"2024-01-01","checkout":"2024-01-15"},"additionalneeds":"Breakfast"} 
 </msg>
<msg timestamp="20250924 00:14:22.922" level="INFO">C:\Users\ghepp\AppData\Roaming\Python\Python313\site-packages\urllib3\connectionpool.py:1097: InsecureRequestWarning: Unverified HTTPS request is being made to host 'restful-booker.herokuapp.com'. Adding certificate verification is strongly advised. See: https://urllib3.readthedocs.io/en/latest/advanced-usage.html#tls-warnings
  warnings.warn(</msg>
<msg timestamp="20250924 00:14:22.922" level="INFO">${response} = &lt;Response [200]&gt;</msg>
<status status="PASS" starttime="20250924 00:14:22.774" endtime="20250924 00:14:22.922"/>
</kw>
<kw name="Log Response Details" library="common_keywords">
<arg>${response}</arg>
<doc>Log detailed response information</doc>
<kw name="Log" library="BuiltIn">
<arg>Status Code: ${response.status_code}</arg>
<doc>Logs the given message with the given level.</doc>
<msg timestamp="20250924 00:14:22.923" level="INFO">Status Code: 200</msg>
<status status="PASS" starttime="20250924 00:14:22.923" endtime="20250924 00:14:22.923"/>
</kw>
<kw name="Log" library="BuiltIn">
<arg>Response Headers: ${response.headers}</arg>
<doc>Logs the given message with the given level.</doc>
<msg timestamp="20250924 00:14:22.924" level="INFO">Response Headers: {'Content-Length': '167', 'Content-Type': 'application/json; charset=utf-8', 'Date': 'Wed, 24 Sep 2025 03:14:21 GMT', 'Etag': 'W/"a7-/2o+zdhrxaQCWYDygYiVtZokZxw"', 'Nel': '{"report_to":"heroku-nel","response_headers":["Via"],"max_age":3600,"success_fraction":0.01,"failure_fraction":0.1}', 'Report-To': '{"group":"heroku-nel","endpoints":[{"url":"https://nel.heroku.com/reports?s=RphbpXrjNYfQoyfVHkeFmCQpiXVIRHyp5QC9xP2kxFs%3D\\u0026sid=c46efe9b-d3d2-4a0c-8c76-bfafa16c5add\\u0026ts=1758683661"}],"max_age":3600}', 'Reporting-Endpoints': 'heroku-nel="https://nel.heroku.com/reports?s=RphbpXrjNYfQoyfVHkeFmCQpiXVIRHyp5QC9xP2kxFs%3D&amp;sid=c46efe9b-d3d2-4a0c-8c76-bfafa16c5add&amp;ts=1758683661"', 'Server': 'Heroku', 'Via': '1.1 heroku-router', 'X-Powered-By': 'Express'}</msg>
<status status="PASS" starttime="20250924 00:14:22.923" endtime="20250924 00:14:22.924"/>
</kw>
<kw name="Log" library="BuiltIn">
<arg>Response Body: ${response.text}</arg>
<doc>Logs the given message with the given level.</doc>
<msg timestamp="20250924 00:14:22.925" level="INFO">Response Body: {"firstname":"John","lastname":"Doe","totalprice":111,"depositpaid":true,"bookingdates":{"checkin":"2024-01-01","checkout":"2024-01-15"},"additionalneeds":"Breakfast"}</msg>
<status status="PASS" starttime="20250924 00:14:22.924" endtime="20250924 00:14:22.925"/>
</kw>
<status status="PASS" starttime="20250924 00:14:22.922" endtime="20250924 00:14:22.925"/>
</kw>
<kw name="Set Suite Variable" library="BuiltIn">
<arg>${GET_RESPONSE}</arg>
<arg>${response}</arg>
<doc>Makes a variable available everywhere within the scope of the current suite.</doc>
<msg timestamp="20250924 00:14:22.926" level="INFO">${GET_RESPONSE} = &lt;Response [200]&gt;</msg>
<status status="PASS" starttime="20250924 00:14:22.925" endtime="20250924 00:14:22.926"/>
</kw>
<return>
<value>${response}</value>
<status status="PASS" starttime="20250924 00:14:22.926" endtime="20250924 00:14:22.926"/>
</return>
<msg timestamp="20250924 00:14:22.926" level="INFO">${response} = &lt;Response [200]&gt;</msg>
<status status="PASS" starttime="20250924 00:14:22.774" endtime="20250924 00:14:22.926"/>
</kw>
<kw name="Validate Response Status" library="common_keywords">
<arg>${response}</arg>
<arg>200</arg>
<doc>Validate HTTP response status code</doc>
<kw name="Should Be Equal As Integers" library="BuiltIn">
<arg>${response.status_code}</arg>
<arg>${expected_status}</arg>
<doc>Fails if objects are unequal after converting them to integers.</doc>
<msg timestamp="20250924 00:14:22.928" level="INFO">Argument types are:
&lt;class 'int'&gt;
&lt;class 'str'&gt;</msg>
<status status="PASS" starttime="20250924 00:14:22.927" endtime="20250924 00:14:22.928"/>
</kw>
<kw name="Log" library="BuiltIn">
<arg>Response Status: ${response.status_code}</arg>
<doc>Logs the given message with the given level.</doc>
<msg timestamp="20250924 00:14:22.928" level="INFO">Response Status: 200</msg>
<status status="PASS" starttime="20250924 00:14:22.928" endtime="20250924 00:14:22.928"/>
</kw>
<status status="PASS" starttime="20250924 00:14:22.927" endtime="20250924 00:14:22.928"/>
</kw>
<kw name="Load Test Data" library="common_keywords">
<var>${test_data}</var>
<doc>Load test data from JSON file</doc>
<kw name="Join Path" library="OperatingSystem">
<var>${data_path}</var>
<arg>${EXECDIR}</arg>
<arg>data</arg>
<arg>${data_file}</arg>
<doc>Joins the given path part(s) to the given base path.</doc>
<msg timestamp="20250924 00:14:22.929" level="INFO">${data_path} = C:\Users\ghepp\Compass_Robot\data\booking_data.json</msg>
<status status="PASS" starttime="20250924 00:14:22.929" endtime="20250924 00:14:22.929"/>
</kw>
<kw name="Load Json From File" library="JSONLibrary">
<var>${test_data}</var>
<arg>${data_path}</arg>
<doc>Load JSON from file.</doc>
<msg timestamp="20250924 00:14:22.930" level="INFO">${test_data} = {'valid_bookings': [{'firstname': 'John', 'lastname': 'Doe', 'totalprice': 111, 'depositpaid': True, 'bookingdates': {'checkin': '2024-01-01', 'checkout': '2024-01-15'}, 'additionalneeds': 'Breakfast'...</msg>
<status status="PASS" starttime="20250924 00:14:22.930" endtime="20250924 00:14:22.930"/>
</kw>
<return>
<value>${test_data}</value>
<status status="PASS" starttime="20250924 00:14:22.930" endtime="20250924 00:14:22.930"/>
</return>
<msg timestamp="20250924 00:14:22.930" level="INFO">${test_data} = {'valid_bookings': [{'firstname': 'John', 'lastname': 'Doe', 'totalprice': 111, 'depositpaid': True, 'bookingdates': {'checkin': '2024-01-01', 'checkout': '2024-01-15'}, 'additionalneeds': 'Breakfast'...</msg>
<status status="PASS" starttime="20250924 00:14:22.929" endtime="20250924 00:14:22.931"/>
</kw>
<kw name="Get From Dictionary" library="Collections">
<var>${expected_data}</var>
<arg>${test_data}</arg>
<arg>valid_bookings</arg>
<doc>Returns a value from the given ``dictionary`` based on the given ``key``.</doc>
<msg timestamp="20250924 00:14:22.931" level="INFO">${expected_data} = [{'firstname': 'John', 'lastname': 'Doe', 'totalprice': 111, 'depositpaid': True, 'bookingdates': {'checkin': '2024-01-01', 'checkout': '2024-01-15'}, 'additionalneeds': 'Breakfast'}, {'firstname': 'J...</msg>
<status status="PASS" starttime="20250924 00:14:22.931" endtime="20250924 00:14:22.931"/>
</kw>
<kw name="Get From List" library="Collections">
<var>${expected_data}</var>
<arg>${expected_data}</arg>
<arg>0</arg>
<doc>Returns the value specified with an ``index`` from ``list``.</doc>
<msg timestamp="20250924 00:14:22.932" level="INFO">${expected_data} = {'firstname': 'John', 'lastname': 'Doe', 'totalprice': 111, 'depositpaid': True, 'bookingdates': {'checkin': '2024-01-01', 'checkout': '2024-01-15'}, 'additionalneeds': 'Breakfast'}</msg>
<status status="PASS" starttime="20250924 00:14:22.932" endtime="20250924 00:14:22.932"/>
</kw>
<kw name="Verify Booking Data" library="booking_keywords">
<arg>${response}</arg>
<arg>${expected_data}</arg>
<doc>Verify booking data matches expected values</doc>
<kw name="Set Variable" library="BuiltIn">
<var>${actual_data}</var>
<arg>${response.json()}</arg>
<doc>Returns the given values which can then be assigned to a variables.</doc>
<msg timestamp="20250924 00:14:22.934" level="INFO">${actual_data} = {'firstname': 'John', 'lastname': 'Doe', 'totalprice': 111, 'depositpaid': True, 'bookingdates': {'checkin': '2024-01-01', 'checkout': '2024-01-15'}, 'additionalneeds': 'Breakfast'}</msg>
<status status="PASS" starttime="20250924 00:14:22.933" endtime="20250924 00:14:22.934"/>
</kw>
<kw name="Should Be Equal" library="BuiltIn">
<arg>${actual_data['firstname']}</arg>
<arg>${expected_data['firstname']}</arg>
<doc>Fails if the given objects are unequal.</doc>
<status status="PASS" starttime="20250924 00:14:22.934" endtime="20250924 00:14:22.935"/>
</kw>
<kw name="Should Be Equal" library="BuiltIn">
<arg>${actual_data['lastname']}</arg>
<arg>${expected_data['lastname']}</arg>
<doc>Fails if the given objects are unequal.</doc>
<status status="PASS" starttime="20250924 00:14:22.935" endtime="20250924 00:14:22.937"/>
</kw>
<kw name="Should Be Equal As Numbers" library="BuiltIn">
<arg>${actual_data['totalprice']}</arg>
<arg>${expected_data['totalprice']}</arg>
<doc>Fails if objects are unequal after converting them to real numbers.</doc>
<status status="PASS" starttime="20250924 00:14:22.937" endtime="20250924 00:14:22.938"/>
</kw>
<kw name="Should Be Equal" library="BuiltIn">
<arg>${actual_data['depositpaid']}</arg>
<arg>${expected_data['depositpaid']}</arg>
<doc>Fails if the given objects are unequal.</doc>
<status status="PASS" starttime="20250924 00:14:22.938" endtime="20250924 00:14:22.940"/>
</kw>
<kw name="Should Be Equal" library="BuiltIn">
<arg>${actual_data['additionalneeds']}</arg>
<arg>${expected_data['additionalneeds']}</arg>
<doc>Fails if the given objects are unequal.</doc>
<status status="PASS" starttime="20250924 00:14:22.940" endtime="20250924 00:14:22.941"/>
</kw>
<status status="PASS" starttime="20250924 00:14:22.933" endtime="20250924 00:14:22.941"/>
</kw>
<doc>Verify retrieval of existing booking</doc>
<tag>booking</tag>
<tag>crud</tag>
<status status="PASS" starttime="20250924 00:14:22.446" endtime="20250924 00:14:22.942"/>
</test>
<test id="s1-t3" name="Test Update Existing Booking" line="48">
<kw name="Load Test Data" library="common_keywords">
<var>${test_data}</var>
<doc>Load test data from JSON file</doc>
<kw name="Join Path" library="OperatingSystem">
<var>${data_path}</var>
<arg>${EXECDIR}</arg>
<arg>data</arg>
<arg>${data_file}</arg>
<doc>Joins the given path part(s) to the given base path.</doc>
<msg timestamp="20250924 00:14:22.945" level="INFO">${data_path} = C:\Users\ghepp\Compass_Robot\data\booking_data.json</msg>
<status status="PASS" starttime="20250924 00:14:22.944" endtime="20250924 00:14:22.945"/>
</kw>
<kw name="Load Json From File" library="JSONLibrary">
<var>${test_data}</var>
<arg>${data_path}</arg>
<doc>Load JSON from file.</doc>
<msg timestamp="20250924 00:14:22.946" level="INFO">${test_data} = {'valid_bookings': [{'firstname': 'John', 'lastname': 'Doe', 'totalprice': 111, 'depositpaid': True, 'bookingdates': {'checkin': '2024-01-01', 'checkout': '2024-01-15'}, 'additionalneeds': 'Breakfast'...</msg>
<status status="PASS" starttime="20250924 00:14:22.945" endtime="20250924 00:14:22.946"/>
</kw>
<return>
<value>${test_data}</value>
<status status="PASS" starttime="20250924 00:14:22.946" endtime="20250924 00:14:22.946"/>
</return>
<msg timestamp="20250924 00:14:22.946" level="INFO">${test_data} = {'valid_bookings': [{'firstname': 'John', 'lastname': 'Doe', 'totalprice': 111, 'depositpaid': True, 'bookingdates': {'checkin': '2024-01-01', 'checkout': '2024-01-15'}, 'additionalneeds': 'Breakfast'...</msg>
<status status="PASS" starttime="20250924 00:14:22.944" endtime="20250924 00:14:22.946"/>
</kw>
<kw name="Get From Dictionary" library="Collections">
<var>${booking_data}</var>
<arg>${test_data}</arg>
<arg>valid_bookings</arg>
<doc>Returns a value from the given ``dictionary`` based on the given ``key``.</doc>
<msg timestamp="20250924 00:14:22.947" level="INFO">${booking_data} = [{'firstname': 'John', 'lastname': 'Doe', 'totalprice': 111, 'depositpaid': True, 'bookingdates': {'checkin': '2024-01-01', 'checkout': '2024-01-15'}, 'additionalneeds': 'Breakfast'}, {'firstname': 'J...</msg>
<status status="PASS" starttime="20250924 00:14:22.947" endtime="20250924 00:14:22.947"/>
</kw>
<kw name="Get From List" library="Collections">
<var>${booking_data}</var>
<arg>${booking_data}</arg>
<arg>0</arg>
<doc>Returns the value specified with an ``index`` from ``list``.</doc>
<msg timestamp="20250924 00:14:22.948" level="INFO">${booking_data} = {'firstname': 'John', 'lastname': 'Doe', 'totalprice': 111, 'depositpaid': True, 'bookingdates': {'checkin': '2024-01-01', 'checkout': '2024-01-15'}, 'additionalneeds': 'Breakfast'}</msg>
<status status="PASS" starttime="20250924 00:14:22.947" endtime="20250924 00:14:22.948"/>
</kw>
<kw name="Create New Booking" library="booking_keywords">
<arg>${booking_data}</arg>
<doc>Create a new booking with provided data</doc>
<for flavor="IN RANGE">
<var>${attempt}</var>
<value>3</value>
<iter>
<var name="${attempt}">0</var>
<kw name="Run Keyword And Return Status" library="BuiltIn">
<var>${status}</var>
<arg>POST On Session</arg>
<arg>${API_SESSION}</arg>
<arg>${BOOKING_ENDPOINT}</arg>
<arg>json=${booking_data}</arg>
<arg>expected_status=200</arg>
<doc>Runs the given keyword with given arguments and returns the status as a Boolean value.</doc>
<kw name="POST On Session" library="RequestsLibrary">
<arg>${API_SESSION}</arg>
<arg>${BOOKING_ENDPOINT}</arg>
<arg>json=${booking_data}</arg>
<arg>expected_status=200</arg>
<doc>Sends a POST request on a previously created HTTP Session.</doc>
<msg timestamp="20250924 00:14:23.097" level="INFO">POST Request : url=https://restful-booker.herokuapp.com/booking 
 path_url=/booking 
 headers={'User-Agent': 'python-requests/2.31.0', 'Accept-Encoding': 'gzip, deflate', 'Accept': '*/*', 'Connection': 'keep-alive', 'Content-Length': '181', 'Content-Type': 'application/json'} 
 body=b'{"firstname": "John", "lastname": "Doe", "totalprice": 111, "depositpaid": true, "bookingdates": {"checkin": "2024-01-01", "checkout": "2024-01-15"}, "additionalneeds": "Breakfast"}' 
 </msg>
<msg timestamp="20250924 00:14:23.097" level="INFO">POST Response : url=https://restful-booker.herokuapp.com/booking 
 status=200, reason=OK 
 headers={'Content-Length': '196', 'Content-Type': 'application/json; charset=utf-8', 'Date': 'Wed, 24 Sep 2025 03:14:21 GMT', 'Etag': 'W/"c4-gEcw40PpBAuLlZKXEg1/O4E/N8k"', 'Nel': '{"report_to":"heroku-nel","response_headers":["Via"],"max_age":3600,"success_fraction":0.01,"failure_fraction":0.1}', 'Report-To': '{"group":"heroku-nel","endpoints":[{"url":"https://nel.heroku.com/reports?s=RphbpXrjNYfQoyfVHkeFmCQpiXVIRHyp5QC9xP2kxFs%3D\\u0026sid=c46efe9b-d3d2-4a0c-8c76-bfafa16c5add\\u0026ts=1758683661"}],"max_age":3600}', 'Reporting-Endpoints': 'heroku-nel="https://nel.heroku.com/reports?s=RphbpXrjNYfQoyfVHkeFmCQpiXVIRHyp5QC9xP2kxFs%3D&amp;sid=c46efe9b-d3d2-4a0c-8c76-bfafa16c5add&amp;ts=1758683661"', 'Server': 'Heroku', 'Via': '1.1 heroku-router', 'X-Powered-By': 'Express'} 
 body={"bookingid":1913,"booking":{"firstname":"John","lastname":"Doe","totalprice":111,"depositpaid":true,"bookingdates":{"checkin":"2024-01-01","checkout":"2024-01-15"},"additionalneeds":"Breakfast"}} 
 </msg>
<msg timestamp="20250924 00:14:23.097" level="INFO">C:\Users\ghepp\AppData\Roaming\Python\Python313\site-packages\urllib3\connectionpool.py:1097: InsecureRequestWarning: Unverified HTTPS request is being made to host 'restful-booker.herokuapp.com'. Adding certificate verification is strongly advised. See: https://urllib3.readthedocs.io/en/latest/advanced-usage.html#tls-warnings
  warnings.warn(</msg>
<status status="PASS" starttime="20250924 00:14:22.949" endtime="20250924 00:14:23.098"/>
</kw>
<msg timestamp="20250924 00:14:23.098" level="INFO">${status} = True</msg>
<status status="PASS" starttime="20250924 00:14:22.949" endtime="20250924 00:14:23.098"/>
</kw>
<if>
<branch type="IF" condition="${status}">
<kw name="POST On Session" library="RequestsLibrary">
<var>${response}</var>
<arg>${API_SESSION}</arg>
<arg>${BOOKING_ENDPOINT}</arg>
<arg>json=${booking_data}</arg>
<arg>expected_status=200</arg>
<doc>Sends a POST request on a previously created HTTP Session.</doc>
<msg timestamp="20250924 00:14:23.247" level="INFO">POST Request : url=https://restful-booker.herokuapp.com/booking 
 path_url=/booking 
 headers={'User-Agent': 'python-requests/2.31.0', 'Accept-Encoding': 'gzip, deflate', 'Accept': '*/*', 'Connection': 'keep-alive', 'Content-Length': '181', 'Content-Type': 'application/json'} 
 body=b'{"firstname": "John", "lastname": "Doe", "totalprice": 111, "depositpaid": true, "bookingdates": {"checkin": "2024-01-01", "checkout": "2024-01-15"}, "additionalneeds": "Breakfast"}' 
 </msg>
<msg timestamp="20250924 00:14:23.247" level="INFO">POST Response : url=https://restful-booker.herokuapp.com/booking 
 status=200, reason=OK 
 headers={'Content-Length': '196', 'Content-Type': 'application/json; charset=utf-8', 'Date': 'Wed, 24 Sep 2025 03:14:22 GMT', 'Etag': 'W/"c4-7EvYUq2FpN+O5QbIOGr9SlkdwsI"', 'Nel': '{"report_to":"heroku-nel","response_headers":["Via"],"max_age":3600,"success_fraction":0.01,"failure_fraction":0.1}', 'Report-To': '{"group":"heroku-nel","endpoints":[{"url":"https://nel.heroku.com/reports?s=9dhtJSOm5dC2lN2cKvEzwkNyl0Sn2OnekgNJIuZ2lSQ%3D\\u0026sid=c46efe9b-d3d2-4a0c-8c76-bfafa16c5add\\u0026ts=1758683662"}],"max_age":3600}', 'Reporting-Endpoints': 'heroku-nel="https://nel.heroku.com/reports?s=9dhtJSOm5dC2lN2cKvEzwkNyl0Sn2OnekgNJIuZ2lSQ%3D&amp;sid=c46efe9b-d3d2-4a0c-8c76-bfafa16c5add&amp;ts=1758683662"', 'Server': 'Heroku', 'Via': '1.1 heroku-router', 'X-Powered-By': 'Express'} 
 body={"bookingid":1915,"booking":{"firstname":"John","lastname":"Doe","totalprice":111,"depositpaid":true,"bookingdates":{"checkin":"2024-01-01","checkout":"2024-01-15"},"additionalneeds":"Breakfast"}} 
 </msg>
<msg timestamp="20250924 00:14:23.247" level="INFO">C:\Users\ghepp\AppData\Roaming\Python\Python313\site-packages\urllib3\connectionpool.py:1097: InsecureRequestWarning: Unverified HTTPS request is being made to host 'restful-booker.herokuapp.com'. Adding certificate verification is strongly advised. See: https://urllib3.readthedocs.io/en/latest/advanced-usage.html#tls-warnings
  warnings.warn(</msg>
<msg timestamp="20250924 00:14:23.249" level="INFO">${response} = &lt;Response [200]&gt;</msg>
<status status="PASS" starttime="20250924 00:14:23.098" endtime="20250924 00:14:23.249"/>
</kw>
<break>
<status status="PASS" starttime="20250924 00:14:23.249" endtime="20250924 00:14:23.249"/>
</break>
<status status="PASS" starttime="20250924 00:14:23.098" endtime="20250924 00:14:23.249"/>
</branch>
<status status="PASS" starttime="20250924 00:14:23.098" endtime="20250924 00:14:23.249"/>
</if>
<kw name="Sleep" library="BuiltIn">
<arg>2s</arg>
<doc>Pauses the test executed for the given time.</doc>
<status status="NOT RUN" starttime="20250924 00:14:23.250" endtime="20250924 00:14:23.250"/>
</kw>
<status status="PASS" starttime="20250924 00:14:22.949" endtime="20250924 00:14:23.250"/>
</iter>
<status status="PASS" starttime="20250924 00:14:22.949" endtime="20250924 00:14:23.250"/>
</for>
<kw name="Should Be True" library="BuiltIn">
<arg>${status}</arg>
<arg>Failed to create booking after 3 attempts</arg>
<doc>Fails if the given condition is not true.</doc>
<status status="PASS" starttime="20250924 00:14:23.250" endtime="20250924 00:14:23.251"/>
</kw>
<kw name="Log Response Details" library="common_keywords">
<arg>${response}</arg>
<doc>Log detailed response information</doc>
<kw name="Log" library="BuiltIn">
<arg>Status Code: ${response.status_code}</arg>
<doc>Logs the given message with the given level.</doc>
<msg timestamp="20250924 00:14:23.254" level="INFO">Status Code: 200</msg>
<status status="PASS" starttime="20250924 00:14:23.252" endtime="20250924 00:14:23.254"/>
</kw>
<kw name="Log" library="BuiltIn">
<arg>Response Headers: ${response.headers}</arg>
<doc>Logs the given message with the given level.</doc>
<msg timestamp="20250924 00:14:23.256" level="INFO">Response Headers: {'Content-Length': '196', 'Content-Type': 'application/json; charset=utf-8', 'Date': 'Wed, 24 Sep 2025 03:14:22 GMT', 'Etag': 'W/"c4-7EvYUq2FpN+O5QbIOGr9SlkdwsI"', 'Nel': '{"report_to":"heroku-nel","response_headers":["Via"],"max_age":3600,"success_fraction":0.01,"failure_fraction":0.1}', 'Report-To': '{"group":"heroku-nel","endpoints":[{"url":"https://nel.heroku.com/reports?s=9dhtJSOm5dC2lN2cKvEzwkNyl0Sn2OnekgNJIuZ2lSQ%3D\\u0026sid=c46efe9b-d3d2-4a0c-8c76-bfafa16c5add\\u0026ts=1758683662"}],"max_age":3600}', 'Reporting-Endpoints': 'heroku-nel="https://nel.heroku.com/reports?s=9dhtJSOm5dC2lN2cKvEzwkNyl0Sn2OnekgNJIuZ2lSQ%3D&amp;sid=c46efe9b-d3d2-4a0c-8c76-bfafa16c5add&amp;ts=1758683662"', 'Server': 'Heroku', 'Via': '1.1 heroku-router', 'X-Powered-By': 'Express'}</msg>
<status status="PASS" starttime="20250924 00:14:23.254" endtime="20250924 00:14:23.256"/>
</kw>
<kw name="Log" library="BuiltIn">
<arg>Response Body: ${response.text}</arg>
<doc>Logs the given message with the given level.</doc>
<msg timestamp="20250924 00:14:23.259" level="INFO">Response Body: {"bookingid":1915,"booking":{"firstname":"John","lastname":"Doe","totalprice":111,"depositpaid":true,"bookingdates":{"checkin":"2024-01-01","checkout":"2024-01-15"},"additionalneeds":"Breakfast"}}</msg>
<status status="PASS" starttime="20250924 00:14:23.257" endtime="20250924 00:14:23.259"/>
</kw>
<status status="PASS" starttime="20250924 00:14:23.251" endtime="20250924 00:14:23.259"/>
</kw>
<kw name="Get Value From Json" library="JSONLibrary">
<var>${booking_id}</var>
<arg>${response.json()}</arg>
<arg>$.bookingid</arg>
<doc>Get Value From JSON using JSONPath</doc>
<msg timestamp="20250924 00:14:23.297" level="INFO">${booking_id} = [1915]</msg>
<status status="PASS" starttime="20250924 00:14:23.259" endtime="20250924 00:14:23.297"/>
</kw>
<kw name="Get From List" library="Collections">
<var>${booking_id}</var>
<arg>${booking_id}</arg>
<arg>0</arg>
<doc>Returns the value specified with an ``index`` from ``list``.</doc>
<msg timestamp="20250924 00:14:23.297" level="INFO">${booking_id} = 1915</msg>
<status status="PASS" starttime="20250924 00:14:23.297" endtime="20250924 00:14:23.297"/>
</kw>
<kw name="Set Suite Variable" library="BuiltIn">
<arg>${CURRENT_BOOKING_ID}</arg>
<arg>${booking_id}</arg>
<doc>Makes a variable available everywhere within the scope of the current suite.</doc>
<msg timestamp="20250924 00:14:23.298" level="INFO">${CURRENT_BOOKING_ID} = 1915</msg>
<status status="PASS" starttime="20250924 00:14:23.297" endtime="20250924 00:14:23.298"/>
</kw>
<kw name="Set Suite Variable" library="BuiltIn">
<arg>${CREATE_RESPONSE}</arg>
<arg>${response}</arg>
<doc>Makes a variable available everywhere within the scope of the current suite.</doc>
<msg timestamp="20250924 00:14:23.298" level="INFO">${CREATE_RESPONSE} = &lt;Response [200]&gt;</msg>
<status status="PASS" starttime="20250924 00:14:23.298" endtime="20250924 00:14:23.298"/>
</kw>
<return>
<value>${booking_id}</value>
<status status="PASS" starttime="20250924 00:14:23.298" endtime="20250924 00:14:23.298"/>
</return>
<status status="PASS" starttime="20250924 00:14:22.949" endtime="20250924 00:14:23.298"/>
</kw>
<kw name="Load Test Data" library="common_keywords">
<var>${test_data}</var>
<doc>Load test data from JSON file</doc>
<kw name="Join Path" library="OperatingSystem">
<var>${data_path}</var>
<arg>${EXECDIR}</arg>
<arg>data</arg>
<arg>${data_file}</arg>
<doc>Joins the given path part(s) to the given base path.</doc>
<msg timestamp="20250924 00:14:23.299" level="INFO">${data_path} = C:\Users\ghepp\Compass_Robot\data\booking_data.json</msg>
<status status="PASS" starttime="20250924 00:14:23.299" endtime="20250924 00:14:23.299"/>
</kw>
<kw name="Load Json From File" library="JSONLibrary">
<var>${test_data}</var>
<arg>${data_path}</arg>
<doc>Load JSON from file.</doc>
<msg timestamp="20250924 00:14:23.300" level="INFO">${test_data} = {'valid_bookings': [{'firstname': 'John', 'lastname': 'Doe', 'totalprice': 111, 'depositpaid': True, 'bookingdates': {'checkin': '2024-01-01', 'checkout': '2024-01-15'}, 'additionalneeds': 'Breakfast'...</msg>
<status status="PASS" starttime="20250924 00:14:23.300" endtime="20250924 00:14:23.300"/>
</kw>
<return>
<value>${test_data}</value>
<status status="PASS" starttime="20250924 00:14:23.300" endtime="20250924 00:14:23.300"/>
</return>
<msg timestamp="20250924 00:14:23.300" level="INFO">${test_data} = {'valid_bookings': [{'firstname': 'John', 'lastname': 'Doe', 'totalprice': 111, 'depositpaid': True, 'bookingdates': {'checkin': '2024-01-01', 'checkout': '2024-01-15'}, 'additionalneeds': 'Breakfast'...</msg>
<status status="PASS" starttime="20250924 00:14:23.299" endtime="20250924 00:14:23.300"/>
</kw>
<kw name="Get From Dictionary" library="Collections">
<var>${update_data}</var>
<arg>${test_data}</arg>
<arg>update_booking</arg>
<doc>Returns a value from the given ``dictionary`` based on the given ``key``.</doc>
<msg timestamp="20250924 00:14:23.301" level="INFO">${update_data} = {'firstname': 'Updated John', 'lastname': 'Updated Doe', 'totalprice': 150, 'depositpaid': True, 'bookingdates': {'checkin': '2024-03-01', 'checkout': '2024-03-15'}, 'additionalneeds': 'Dinner'}</msg>
<status status="PASS" starttime="20250924 00:14:23.301" endtime="20250924 00:14:23.301"/>
</kw>
<kw name="Update Booking" library="booking_keywords">
<var>${response}</var>
<arg>${CURRENT_BOOKING_ID}</arg>
<arg>${update_data}</arg>
<doc>Update existing booking with new data</doc>
<kw name="Create Auth Headers" library="auth_keywords">
<var>${headers}</var>
<arg>${token}</arg>
<doc>Create headers with authentication token</doc>
<kw name="Create Dictionary" library="BuiltIn">
<var>${headers}</var>
<arg>Cookie=token=${token}</arg>
<doc>Creates and returns a dictionary based on the given ``items``.</doc>
<msg timestamp="20250924 00:14:23.302" level="INFO">${headers} = {'Cookie': 'token=7eaa5bde9726d8e'}</msg>
<status status="PASS" starttime="20250924 00:14:23.302" endtime="20250924 00:14:23.302"/>
</kw>
<return>
<value>${headers}</value>
<status status="PASS" starttime="20250924 00:14:23.302" endtime="20250924 00:14:23.302"/>
</return>
<msg timestamp="20250924 00:14:23.302" level="INFO">${headers} = {'Cookie': 'token=7eaa5bde9726d8e'}</msg>
<status status="PASS" starttime="20250924 00:14:23.301" endtime="20250924 00:14:23.303"/>
</kw>
<kw name="PUT On Session" library="RequestsLibrary">
<var>${response}</var>
<arg>${API_SESSION}</arg>
<arg>${BOOKING_ENDPOINT}/${booking_id}</arg>
<arg>json=${booking_data}</arg>
<arg>headers=${headers}</arg>
<arg>expected_status=200</arg>
<doc>Sends a PUT request on a previously created HTTP Session.</doc>
<msg timestamp="20250924 00:14:23.451" level="INFO">PUT Request : url=https://restful-booker.herokuapp.com/booking/1915 
 path_url=/booking/1915 
 headers={'User-Agent': 'python-requests/2.31.0', 'Accept-Encoding': 'gzip, deflate', 'Accept': '*/*', 'Connection': 'keep-alive', 'Cookie': 'token=7eaa5bde9726d8e', 'Content-Length': '194', 'Content-Type': 'application/json'} 
 body=b'{"firstname": "Updated John", "lastname": "Updated Doe", "totalprice": 150, "depositpaid": true, "bookingdates": {"checkin": "2024-03-01", "checkout": "2024-03-15"}, "additionalneeds": "Dinner"}' 
 </msg>
<msg timestamp="20250924 00:14:23.451" level="INFO">PUT Response : url=https://restful-booker.herokuapp.com/booking/1915 
 status=200, reason=OK 
 headers={'Content-Length': '180', 'Content-Type': 'application/json; charset=utf-8', 'Date': 'Wed, 24 Sep 2025 03:14:22 GMT', 'Etag': 'W/"b4-+QOe1eHGNS7MPzkNAHpRtcluQlU"', 'Nel': '{"report_to":"heroku-nel","response_headers":["Via"],"max_age":3600,"success_fraction":0.01,"failure_fraction":0.1}', 'Report-To': '{"group":"heroku-nel","endpoints":[{"url":"https://nel.heroku.com/reports?s=9dhtJSOm5dC2lN2cKvEzwkNyl0Sn2OnekgNJIuZ2lSQ%3D\\u0026sid=c46efe9b-d3d2-4a0c-8c76-bfafa16c5add\\u0026ts=1758683662"}],"max_age":3600}', 'Reporting-Endpoints': 'heroku-nel="https://nel.heroku.com/reports?s=9dhtJSOm5dC2lN2cKvEzwkNyl0Sn2OnekgNJIuZ2lSQ%3D&amp;sid=c46efe9b-d3d2-4a0c-8c76-bfafa16c5add&amp;ts=1758683662"', 'Server': 'Heroku', 'Via': '1.1 heroku-router', 'X-Powered-By': 'Express'} 
 body={"firstname":"Updated John","lastname":"Updated Doe","totalprice":150,"depositpaid":true,"bookingdates":{"checkin":"2024-03-01","checkout":"2024-03-15"},"additionalneeds":"Dinner"} 
 </msg>
<msg timestamp="20250924 00:14:23.451" level="INFO">C:\Users\ghepp\AppData\Roaming\Python\Python313\site-packages\urllib3\connectionpool.py:1097: InsecureRequestWarning: Unverified HTTPS request is being made to host 'restful-booker.herokuapp.com'. Adding certificate verification is strongly advised. See: https://urllib3.readthedocs.io/en/latest/advanced-usage.html#tls-warnings
  warnings.warn(</msg>
<msg timestamp="20250924 00:14:23.452" level="INFO">${response} = &lt;Response [200]&gt;</msg>
<status status="PASS" starttime="20250924 00:14:23.303" endtime="20250924 00:14:23.452"/>
</kw>
<kw name="Log Response Details" library="common_keywords">
<arg>${response}</arg>
<doc>Log detailed response information</doc>
<kw name="Log" library="BuiltIn">
<arg>Status Code: ${response.status_code}</arg>
<doc>Logs the given message with the given level.</doc>
<msg timestamp="20250924 00:14:23.453" level="INFO">Status Code: 200</msg>
<status status="PASS" starttime="20250924 00:14:23.452" endtime="20250924 00:14:23.453"/>
</kw>
<kw name="Log" library="BuiltIn">
<arg>Response Headers: ${response.headers}</arg>
<doc>Logs the given message with the given level.</doc>
<msg timestamp="20250924 00:14:23.454" level="INFO">Response Headers: {'Content-Length': '180', 'Content-Type': 'application/json; charset=utf-8', 'Date': 'Wed, 24 Sep 2025 03:14:22 GMT', 'Etag': 'W/"b4-+QOe1eHGNS7MPzkNAHpRtcluQlU"', 'Nel': '{"report_to":"heroku-nel","response_headers":["Via"],"max_age":3600,"success_fraction":0.01,"failure_fraction":0.1}', 'Report-To': '{"group":"heroku-nel","endpoints":[{"url":"https://nel.heroku.com/reports?s=9dhtJSOm5dC2lN2cKvEzwkNyl0Sn2OnekgNJIuZ2lSQ%3D\\u0026sid=c46efe9b-d3d2-4a0c-8c76-bfafa16c5add\\u0026ts=1758683662"}],"max_age":3600}', 'Reporting-Endpoints': 'heroku-nel="https://nel.heroku.com/reports?s=9dhtJSOm5dC2lN2cKvEzwkNyl0Sn2OnekgNJIuZ2lSQ%3D&amp;sid=c46efe9b-d3d2-4a0c-8c76-bfafa16c5add&amp;ts=1758683662"', 'Server': 'Heroku', 'Via': '1.1 heroku-router', 'X-Powered-By': 'Express'}</msg>
<status status="PASS" starttime="20250924 00:14:23.453" endtime="20250924 00:14:23.454"/>
</kw>
<kw name="Log" library="BuiltIn">
<arg>Response Body: ${response.text}</arg>
<doc>Logs the given message with the given level.</doc>
<msg timestamp="20250924 00:14:23.454" level="INFO">Response Body: {"firstname":"Updated John","lastname":"Updated Doe","totalprice":150,"depositpaid":true,"bookingdates":{"checkin":"2024-03-01","checkout":"2024-03-15"},"additionalneeds":"Dinner"}</msg>
<status status="PASS" starttime="20250924 00:14:23.454" endtime="20250924 00:14:23.454"/>
</kw>
<status status="PASS" starttime="20250924 00:14:23.452" endtime="20250924 00:14:23.455"/>
</kw>
<kw name="Set Suite Variable" library="BuiltIn">
<arg>${UPDATE_RESPONSE}</arg>
<arg>${response}</arg>
<doc>Makes a variable available everywhere within the scope of the current suite.</doc>
<msg timestamp="20250924 00:14:23.456" level="INFO">${UPDATE_RESPONSE} = &lt;Response [200]&gt;</msg>
<status status="PASS" starttime="20250924 00:14:23.455" endtime="20250924 00:14:23.456"/>
</kw>
<return>
<value>${response}</value>
<status status="PASS" starttime="20250924 00:14:23.456" endtime="20250924 00:14:23.456"/>
</return>
<msg timestamp="20250924 00:14:23.456" level="INFO">${response} = &lt;Response [200]&gt;</msg>
<status status="PASS" starttime="20250924 00:14:23.301" endtime="20250924 00:14:23.456"/>
</kw>
<kw name="Validate Response Status" library="common_keywords">
<arg>${response}</arg>
<arg>200</arg>
<doc>Validate HTTP response status code</doc>
<kw name="Should Be Equal As Integers" library="BuiltIn">
<arg>${response.status_code}</arg>
<arg>${expected_status}</arg>
<doc>Fails if objects are unequal after converting them to integers.</doc>
<msg timestamp="20250924 00:14:23.457" level="INFO">Argument types are:
&lt;class 'int'&gt;
&lt;class 'str'&gt;</msg>
<status status="PASS" starttime="20250924 00:14:23.457" endtime="20250924 00:14:23.458"/>
</kw>
<kw name="Log" library="BuiltIn">
<arg>Response Status: ${response.status_code}</arg>
<doc>Logs the given message with the given level.</doc>
<msg timestamp="20250924 00:14:23.459" level="INFO">Response Status: 200</msg>
<status status="PASS" starttime="20250924 00:14:23.458" endtime="20250924 00:14:23.459"/>
</kw>
<status status="PASS" starttime="20250924 00:14:23.457" endtime="20250924 00:14:23.459"/>
</kw>
<kw name="Get Booking By ID" library="booking_keywords">
<var>${get_response}</var>
<arg>${CURRENT_BOOKING_ID}</arg>
<doc>Retrieve booking details by ID</doc>
<kw name="GET On Session" library="RequestsLibrary">
<var>${response}</var>
<arg>${API_SESSION}</arg>
<arg>${BOOKING_ENDPOINT}/${booking_id}</arg>
<arg>expected_status=any</arg>
<doc>Sends a GET request on a previously created HTTP Session.</doc>
<msg timestamp="20250924 00:14:23.608" level="INFO">GET Request : url=https://restful-booker.herokuapp.com/booking/1915 
 path_url=/booking/1915 
 headers={'User-Agent': 'python-requests/2.31.0', 'Accept-Encoding': 'gzip, deflate', 'Accept': '*/*', 'Connection': 'keep-alive'} 
 body=None 
 </msg>
<msg timestamp="20250924 00:14:23.608" level="INFO">GET Response : url=https://restful-booker.herokuapp.com/booking/1915 
 status=200, reason=OK 
 headers={'Content-Length': '180', 'Content-Type': 'application/json; charset=utf-8', 'Date': 'Wed, 24 Sep 2025 03:14:22 GMT', 'Etag': 'W/"b4-+QOe1eHGNS7MPzkNAHpRtcluQlU"', 'Nel': '{"report_to":"heroku-nel","response_headers":["Via"],"max_age":3600,"success_fraction":0.01,"failure_fraction":0.1}', 'Report-To': '{"group":"heroku-nel","endpoints":[{"url":"https://nel.heroku.com/reports?s=9dhtJSOm5dC2lN2cKvEzwkNyl0Sn2OnekgNJIuZ2lSQ%3D\\u0026sid=c46efe9b-d3d2-4a0c-8c76-bfafa16c5add\\u0026ts=1758683662"}],"max_age":3600}', 'Reporting-Endpoints': 'heroku-nel="https://nel.heroku.com/reports?s=9dhtJSOm5dC2lN2cKvEzwkNyl0Sn2OnekgNJIuZ2lSQ%3D&amp;sid=c46efe9b-d3d2-4a0c-8c76-bfafa16c5add&amp;ts=1758683662"', 'Server': 'Heroku', 'Via': '1.1 heroku-router', 'X-Powered-By': 'Express'} 
 body={"firstname":"Updated John","lastname":"Updated Doe","totalprice":150,"depositpaid":true,"bookingdates":{"checkin":"2024-03-01","checkout":"2024-03-15"},"additionalneeds":"Dinner"} 
 </msg>
<msg timestamp="20250924 00:14:23.609" level="INFO">C:\Users\ghepp\AppData\Roaming\Python\Python313\site-packages\urllib3\connectionpool.py:1097: InsecureRequestWarning: Unverified HTTPS request is being made to host 'restful-booker.herokuapp.com'. Adding certificate verification is strongly advised. See: https://urllib3.readthedocs.io/en/latest/advanced-usage.html#tls-warnings
  warnings.warn(</msg>
<msg timestamp="20250924 00:14:23.610" level="INFO">${response} = &lt;Response [200]&gt;</msg>
<status status="PASS" starttime="20250924 00:14:23.459" endtime="20250924 00:14:23.610"/>
</kw>
<kw name="Log Response Details" library="common_keywords">
<arg>${response}</arg>
<doc>Log detailed response information</doc>
<kw name="Log" library="BuiltIn">
<arg>Status Code: ${response.status_code}</arg>
<doc>Logs the given message with the given level.</doc>
<msg timestamp="20250924 00:14:23.613" level="INFO">Status Code: 200</msg>
<status status="PASS" starttime="20250924 00:14:23.611" endtime="20250924 00:14:23.613"/>
</kw>
<kw name="Log" library="BuiltIn">
<arg>Response Headers: ${response.headers}</arg>
<doc>Logs the given message with the given level.</doc>
<msg timestamp="20250924 00:14:23.615" level="INFO">Response Headers: {'Content-Length': '180', 'Content-Type': 'application/json; charset=utf-8', 'Date': 'Wed, 24 Sep 2025 03:14:22 GMT', 'Etag': 'W/"b4-+QOe1eHGNS7MPzkNAHpRtcluQlU"', 'Nel': '{"report_to":"heroku-nel","response_headers":["Via"],"max_age":3600,"success_fraction":0.01,"failure_fraction":0.1}', 'Report-To': '{"group":"heroku-nel","endpoints":[{"url":"https://nel.heroku.com/reports?s=9dhtJSOm5dC2lN2cKvEzwkNyl0Sn2OnekgNJIuZ2lSQ%3D\\u0026sid=c46efe9b-d3d2-4a0c-8c76-bfafa16c5add\\u0026ts=1758683662"}],"max_age":3600}', 'Reporting-Endpoints': 'heroku-nel="https://nel.heroku.com/reports?s=9dhtJSOm5dC2lN2cKvEzwkNyl0Sn2OnekgNJIuZ2lSQ%3D&amp;sid=c46efe9b-d3d2-4a0c-8c76-bfafa16c5add&amp;ts=1758683662"', 'Server': 'Heroku', 'Via': '1.1 heroku-router', 'X-Powered-By': 'Express'}</msg>
<status status="PASS" starttime="20250924 00:14:23.614" endtime="20250924 00:14:23.615"/>
</kw>
<kw name="Log" library="BuiltIn">
<arg>Response Body: ${response.text}</arg>
<doc>Logs the given message with the given level.</doc>
<msg timestamp="20250924 00:14:23.617" level="INFO">Response Body: {"firstname":"Updated John","lastname":"Updated Doe","totalprice":150,"depositpaid":true,"bookingdates":{"checkin":"2024-03-01","checkout":"2024-03-15"},"additionalneeds":"Dinner"}</msg>
<status status="PASS" starttime="20250924 00:14:23.615" endtime="20250924 00:14:23.617"/>
</kw>
<status status="PASS" starttime="20250924 00:14:23.611" endtime="20250924 00:14:23.617"/>
</kw>
<kw name="Set Suite Variable" library="BuiltIn">
<arg>${GET_RESPONSE}</arg>
<arg>${response}</arg>
<doc>Makes a variable available everywhere within the scope of the current suite.</doc>
<msg timestamp="20250924 00:14:23.618" level="INFO">${GET_RESPONSE} = &lt;Response [200]&gt;</msg>
<status status="PASS" starttime="20250924 00:14:23.617" endtime="20250924 00:14:23.618"/>
</kw>
<return>
<value>${response}</value>
<status status="PASS" starttime="20250924 00:14:23.618" endtime="20250924 00:14:23.618"/>
</return>
<msg timestamp="20250924 00:14:23.618" level="INFO">${get_response} = &lt;Response [200]&gt;</msg>
<status status="PASS" starttime="20250924 00:14:23.459" endtime="20250924 00:14:23.618"/>
</kw>
<kw name="Verify Booking Data" library="booking_keywords">
<arg>${get_response}</arg>
<arg>${update_data}</arg>
<doc>Verify booking data matches expected values</doc>
<kw name="Set Variable" library="BuiltIn">
<var>${actual_data}</var>
<arg>${response.json()}</arg>
<doc>Returns the given values which can then be assigned to a variables.</doc>
<msg timestamp="20250924 00:14:23.622" level="INFO">${actual_data} = {'firstname': 'Updated John', 'lastname': 'Updated Doe', 'totalprice': 150, 'depositpaid': True, 'bookingdates': {'checkin': '2024-03-01', 'checkout': '2024-03-15'}, 'additionalneeds': 'Dinner'}</msg>
<status status="PASS" starttime="20250924 00:14:23.620" endtime="20250924 00:14:23.622"/>
</kw>
<kw name="Should Be Equal" library="BuiltIn">
<arg>${actual_data['firstname']}</arg>
<arg>${expected_data['firstname']}</arg>
<doc>Fails if the given objects are unequal.</doc>
<status status="PASS" starttime="20250924 00:14:23.622" endtime="20250924 00:14:23.624"/>
</kw>
<kw name="Should Be Equal" library="BuiltIn">
<arg>${actual_data['lastname']}</arg>
<arg>${expected_data['lastname']}</arg>
<doc>Fails if the given objects are unequal.</doc>
<status status="PASS" starttime="20250924 00:14:23.625" endtime="20250924 00:14:23.627"/>
</kw>
<kw name="Should Be Equal As Numbers" library="BuiltIn">
<arg>${actual_data['totalprice']}</arg>
<arg>${expected_data['totalprice']}</arg>
<doc>Fails if objects are unequal after converting them to real numbers.</doc>
<status status="PASS" starttime="20250924 00:14:23.627" endtime="20250924 00:14:23.629"/>
</kw>
<kw name="Should Be Equal" library="BuiltIn">
<arg>${actual_data['depositpaid']}</arg>
<arg>${expected_data['depositpaid']}</arg>
<doc>Fails if the given objects are unequal.</doc>
<status status="PASS" starttime="20250924 00:14:23.629" endtime="20250924 00:14:23.631"/>
</kw>
<kw name="Should Be Equal" library="BuiltIn">
<arg>${actual_data['additionalneeds']}</arg>
<arg>${expected_data['additionalneeds']}</arg>
<doc>Fails if the given objects are unequal.</doc>
<status status="PASS" starttime="20250924 00:14:23.631" endtime="20250924 00:14:23.634"/>
</kw>
<status status="PASS" starttime="20250924 00:14:23.620" endtime="20250924 00:14:23.634"/>
</kw>
<doc>Verify booking update functionality</doc>
<tag>booking</tag>
<tag>crud</tag>
<status status="PASS" starttime="20250924 00:14:22.943" endtime="20250924 00:14:23.635"/>
</test>
<test id="s1-t4" name="Test Delete Existing Booking" line="67">
<kw name="Load Test Data" library="common_keywords">
<var>${test_data}</var>
<doc>Load test data from JSON file</doc>
<kw name="Join Path" library="OperatingSystem">
<var>${data_path}</var>
<arg>${EXECDIR}</arg>
<arg>data</arg>
<arg>${data_file}</arg>
<doc>Joins the given path part(s) to the given base path.</doc>
<msg timestamp="20250924 00:14:23.640" level="INFO">${data_path} = C:\Users\ghepp\Compass_Robot\data\booking_data.json</msg>
<status status="PASS" starttime="20250924 00:14:23.639" endtime="20250924 00:14:23.640"/>
</kw>
<kw name="Load Json From File" library="JSONLibrary">
<var>${test_data}</var>
<arg>${data_path}</arg>
<doc>Load JSON from file.</doc>
<msg timestamp="20250924 00:14:23.641" level="INFO">${test_data} = {'valid_bookings': [{'firstname': 'John', 'lastname': 'Doe', 'totalprice': 111, 'depositpaid': True, 'bookingdates': {'checkin': '2024-01-01', 'checkout': '2024-01-15'}, 'additionalneeds': 'Breakfast'...</msg>
<status status="PASS" starttime="20250924 00:14:23.640" endtime="20250924 00:14:23.641"/>
</kw>
<return>
<value>${test_data}</value>
<status status="PASS" starttime="20250924 00:14:23.641" endtime="20250924 00:14:23.641"/>
</return>
<msg timestamp="20250924 00:14:23.642" level="INFO">${test_data} = {'valid_bookings': [{'firstname': 'John', 'lastname': 'Doe', 'totalprice': 111, 'depositpaid': True, 'bookingdates': {'checkin': '2024-01-01', 'checkout': '2024-01-15'}, 'additionalneeds': 'Breakfast'...</msg>
<status status="PASS" starttime="20250924 00:14:23.638" endtime="20250924 00:14:23.642"/>
</kw>
<kw name="Get From Dictionary" library="Collections">
<var>${booking_data}</var>
<arg>${test_data}</arg>
<arg>valid_bookings</arg>
<doc>Returns a value from the given ``dictionary`` based on the given ``key``.</doc>
<msg timestamp="20250924 00:14:23.643" level="INFO">${booking_data} = [{'firstname': 'John', 'lastname': 'Doe', 'totalprice': 111, 'depositpaid': True, 'bookingdates': {'checkin': '2024-01-01', 'checkout': '2024-01-15'}, 'additionalneeds': 'Breakfast'}, {'firstname': 'J...</msg>
<status status="PASS" starttime="20250924 00:14:23.643" endtime="20250924 00:14:23.643"/>
</kw>
<kw name="Get From List" library="Collections">
<var>${booking_data}</var>
<arg>${booking_data}</arg>
<arg>1</arg>
<doc>Returns the value specified with an ``index`` from ``list``.</doc>
<msg timestamp="20250924 00:14:23.645" level="INFO">${booking_data} = {'firstname': 'Jane', 'lastname': 'Smith', 'totalprice': 200, 'depositpaid': False, 'bookingdates': {'checkin': '2024-02-01', 'checkout': '2024-02-10'}, 'additionalneeds': 'Lunch'}</msg>
<status status="PASS" starttime="20250924 00:14:23.644" endtime="20250924 00:14:23.645"/>
</kw>
<kw name="Create New Booking" library="booking_keywords">
<arg>${booking_data}</arg>
<doc>Create a new booking with provided data</doc>
<for flavor="IN RANGE">
<var>${attempt}</var>
<value>3</value>
<iter>
<var name="${attempt}">0</var>
<kw name="Run Keyword And Return Status" library="BuiltIn">
<var>${status}</var>
<arg>POST On Session</arg>
<arg>${API_SESSION}</arg>
<arg>${BOOKING_ENDPOINT}</arg>
<arg>json=${booking_data}</arg>
<arg>expected_status=200</arg>
<doc>Runs the given keyword with given arguments and returns the status as a Boolean value.</doc>
<kw name="POST On Session" library="RequestsLibrary">
<arg>${API_SESSION}</arg>
<arg>${BOOKING_ENDPOINT}</arg>
<arg>json=${booking_data}</arg>
<arg>expected_status=200</arg>
[...]
 </msg>
<msg timestamp="20250924 00:14:24.407" level="INFO">POST Response : url=https://restful-booker.herokuapp.com/booking 
 status=200, reason=OK 
 headers={'Content-Length': '195', 'Content-Type': 'application/json; charset=utf-8', 'Date': 'Wed, 24 Sep 2025 03:14:23 GMT', 'Etag': 'W/"c3-6Ku1bn4HFjn2EkPpwZmJLEJmogk"', 'Nel': '{"report_to":"heroku-nel","response_headers":["Via"],"max_age":3600,"success_fraction":0.01,"failure_fraction":0.1}', 'Report-To': '{"group":"heroku-nel","endpoints":[{"url":"https://nel.heroku.com/reports?s=Xm5jWbVSpVBv58ZgEuHEARWrQ1%2BhfLjHas8rgk8Jv4U%3D\\u0026sid=c46efe9b-d3d2-4a0c-8c76-bfafa16c5add\\u0026ts=1758683663"}],"max_age":3600}', 'Reporting-Endpoints': 'heroku-nel="https://nel.heroku.com/reports?s=Xm5jWbVSpVBv58ZgEuHEARWrQ1%2BhfLjHas8rgk8Jv4U%3D&amp;sid=c46efe9b-d3d2-4a0c-8c76-bfafa16c5add&amp;ts=1758683663"', 'Server': 'Heroku', 'Via': '1.1 heroku-router', 'X-Powered-By': 'Express'} 
 body={"bookingid":1924,"booking":{"firstname":"Jane","lastname":"Smith","totalprice":200,"depositpaid":false,"bookingdates":{"checkin":"2024-02-01","checkout":"2024-02-10"},"additionalneeds":"Lunch"}} 
 </msg>
<msg timestamp="20250924 00:14:24.407" level="INFO">C:\Users\ghepp\AppData\Roaming\Python\Python313\site-packages\urllib3\connectionpool.py:1097: InsecureRequestWarning: Unverified HTTPS request is being made to host 'restful-booker.herokuapp.com'. Adding certificate verification is strongly advised. See: https://urllib3.readthedocs.io/en/latest/advanced-usage.html#tls-warnings
  warnings.warn(</msg>
<msg timestamp="20250924 00:14:24.409" level="INFO">${response} = &lt;Response [200]&gt;</msg>
<status status="PASS" starttime="20250924 00:14:24.254" endtime="20250924 00:14:24.409"/>
</kw>
<break>
<status status="PASS" starttime="20250924 00:14:24.409" endtime="20250924 00:14:24.409"/>
</break>
<status status="PASS" starttime="20250924 00:14:24.254" endtime="20250924 00:14:24.409"/>
</branch>
<status status="PASS" starttime="20250924 00:14:24.254" endtime="20250924 00:14:24.409"/>
</if>
<kw name="Sleep" library="BuiltIn">
<arg>2s</arg>
<doc>Pauses the test executed for the given time.</doc>
<status status="NOT RUN" starttime="20250924 00:14:24.410" endtime="20250924 00:14:24.410"/>
</kw>
<status status="PASS" starttime="20250924 00:14:23.647" endtime="20250924 00:14:24.410"/>
</iter>
<status status="PASS" starttime="20250924 00:14:23.647" endtime="20250924 00:14:24.410"/>
</for>
<kw name="Should Be True" library="BuiltIn">
<arg>${status}</arg>
<arg>Failed to create booking after 3 attempts</arg>
<doc>Fails if the given condition is not true.</doc>
<status status="PASS" starttime="20250924 00:14:24.410" endtime="20250924 00:14:24.411"/>
</kw>
<kw name="Log Response Details" library="common_keywords">
<arg>${response}</arg>
<doc>Log detailed response information</doc>
<kw name="Log" library="BuiltIn">
<arg>Status Code: ${response.status_code}</arg>
<doc>Logs the given message with the given level.</doc>
<msg timestamp="20250924 00:14:24.414" level="INFO">Status Code: 200</msg>
<status status="PASS" starttime="20250924 00:14:24.412" endtime="20250924 00:14:24.414"/>
</kw>
<kw name="Log" library="BuiltIn">
<arg>Response Headers: ${response.headers}</arg>
<doc>Logs the given message with the given level.</doc>
<msg timestamp="20250924 00:14:24.416" level="INFO">Response Headers: {'Content-Length': '195', 'Content-Type': 'application/json; charset=utf-8', 'Date': 'Wed, 24 Sep 2025 03:14:23 GMT', 'Etag': 'W/"c3-6Ku1bn4HFjn2EkPpwZmJLEJmogk"', 'Nel': '{"report_to":"heroku-nel","response_headers":["Via"],"max_age":3600,"success_fraction":0.01,"failure_fraction":0.1}', 'Report-To': '{"group":"heroku-nel","endpoints":[{"url":"https://nel.heroku.com/reports?s=Xm5jWbVSpVBv58ZgEuHEARWrQ1%2BhfLjHas8rgk8Jv4U%3D\\u0026sid=c46efe9b-d3d2-4a0c-8c76-bfafa16c5add\\u0026ts=1758683663"}],"max_age":3600}', 'Reporting-Endpoints': 'heroku-nel="https://nel.heroku.com/reports?s=Xm5jWbVSpVBv58ZgEuHEARWrQ1%2BhfLjHas8rgk8Jv4U%3D&amp;sid=c46efe9b-d3d2-4a0c-8c76-bfafa16c5add&amp;ts=1758683663"', 'Server': 'Heroku', 'Via': '1.1 heroku-router', 'X-Powered-By': 'Express'}</msg>
<status status="PASS" starttime="20250924 00:14:24.414" endtime="20250924 00:14:24.416"/>
</kw>
<kw name="Log" library="BuiltIn">
<arg>Response Body: ${response.text}</arg>
<doc>Logs the given message with the given level.</doc>
<msg timestamp="20250924 00:14:24.418" level="INFO">Response Body: {"bookingid":1924,"booking":{"firstname":"Jane","lastname":"Smith","totalprice":200,"depositpaid":false,"bookingdates":{"checkin":"2024-02-01","checkout":"2024-02-10"},"additionalneeds":"Lunch"}}</msg>
<status status="PASS" starttime="20250924 00:14:24.416" endtime="20250924 00:14:24.419"/>
</kw>
<status status="PASS" starttime="20250924 00:14:24.411" endtime="20250924 00:14:24.419"/>
</kw>
<kw name="Get Value From Json" library="JSONLibrary">
<var>${booking_id}</var>
<arg>${response.json()}</arg>
<arg>$.bookingid</arg>
<doc>Get Value From JSON using JSONPath</doc>
<msg timestamp="20250924 00:14:24.472" level="INFO">${booking_id} = [1924]</msg>
<status status="PASS" starttime="20250924 00:14:24.419" endtime="20250924 00:14:24.472"/>
</kw>
<kw name="Get From List" library="Collections">
<var>${booking_id}</var>
<arg>${booking_id}</arg>
<arg>0</arg>
<doc>Returns the value specified with an ``index`` from ``list``.</doc>
<msg timestamp="20250924 00:14:24.472" level="INFO">${booking_id} = 1924</msg>
<status status="PASS" starttime="20250924 00:14:24.472" endtime="20250924 00:14:24.472"/>
</kw>
<kw name="Set Suite Variable" library="BuiltIn">
<arg>${CURRENT_BOOKING_ID}</arg>
<arg>${booking_id}</arg>
<doc>Makes a variable available everywhere within the scope of the current suite.</doc>
<msg timestamp="20250924 00:14:24.473" level="INFO">${CURRENT_BOOKING_ID} = 1924</msg>
<status status="PASS" starttime="20250924 00:14:24.472" endtime="20250924 00:14:24.473"/>
</kw>
<kw name="Set Suite Variable" library="BuiltIn">
<arg>${CREATE_RESPONSE}</arg>
<arg>${response}</arg>
<doc>Makes a variable available everywhere within the scope of the current suite.</doc>
<msg timestamp="20250924 00:14:24.473" level="INFO">${CREATE_RESPONSE} = &lt;Response [200]&gt;</msg>
<status status="PASS" starttime="20250924 00:14:24.473" endtime="20250924 00:14:24.473"/>
</kw>
<return>
<value>${booking_id}</value>
<status status="PASS" starttime="20250924 00:14:24.473" endtime="20250924 00:14:24.473"/>
</return>
<status status="PASS" starttime="20250924 00:14:23.646" endtime="20250924 00:14:24.474"/>
</kw>
<kw name="Delete Booking" library="booking_keywords">
<var>${response}</var>
<arg>${CURRENT_BOOKING_ID}</arg>
<doc>Delete booking by ID</doc>
<kw name="Create Auth Headers" library="auth_keywords">
<var>${headers}</var>
<arg>${token}</arg>
<doc>Create headers with authentication token</doc>
<kw name="Create Dictionary" library="BuiltIn">
<var>${headers}</var>
<arg>Cookie=token=${token}</arg>
<doc>Creates and returns a dictionary based on the given ``items``.</doc>
<msg timestamp="20250924 00:14:24.475" level="INFO">${headers} = {'Cookie': 'token=7eaa5bde9726d8e'}</msg>
<status status="PASS" starttime="20250924 00:14:24.475" endtime="20250924 00:14:24.475"/>
</kw>
<return>
<value>${headers}</value>
<status status="PASS" starttime="20250924 00:14:24.475" endtime="20250924 00:14:24.475"/>
</return>
<msg timestamp="20250924 00:14:24.475" level="INFO">${headers} = {'Cookie': 'token=7eaa5bde9726d8e'}</msg>
<status status="PASS" starttime="20250924 00:14:24.475" endtime="20250924 00:14:24.475"/>
</kw>
<kw name="DELETE On Session" library="RequestsLibrary">
<var>${response}</var>
<arg>${API_SESSION}</arg>
<arg>${BOOKING_ENDPOINT}/${booking_id}</arg>
<arg>headers=${headers}</arg>
<arg>expected_status=201</arg>
<doc>Sends a DELETE request on a previously created HTTP Session.</doc>
<msg timestamp="20250924 00:14:24.624" level="INFO">DELETE Request : url=https://restful-booker.herokuapp.com/booking/1924 
 path_url=/booking/1924 
 headers={'User-Agent': 'python-requests/2.31.0', 'Accept-Encoding': 'gzip, deflate', 'Accept': '*/*', 'Connection': 'keep-alive', 'Cookie': 'token=7eaa5bde9726d8e', 'Content-Length': '0'} 
 body=None 
 </msg>
<msg timestamp="20250924 00:14:24.624" level="INFO">DELETE Response : url=https://restful-booker.herokuapp.com/booking/1924 
 status=201, reason=Created 
 headers={'Content-Length': '7', 'Content-Type': 'text/plain; charset=utf-8', 'Date': 'Wed, 24 Sep 2025 03:14:23 GMT', 'Etag': 'W/"7-rM9AyJuqT6iOan/xHh+AW+7K/T8"', 'Nel': '{"report_to":"heroku-nel","response_headers":["Via"],"max_age":3600,"success_fraction":0.01,"failure_fraction":0.1}', 'Report-To': '{"group":"heroku-nel","endpoints":[{"url":"https://nel.heroku.com/reports?s=Xm5jWbVSpVBv58ZgEuHEARWrQ1%2BhfLjHas8rgk8Jv4U%3D\\u0026sid=c46efe9b-d3d2-4a0c-8c76-bfafa16c5add\\u0026ts=1758683663"}],"max_age":3600}', 'Reporting-Endpoints': 'heroku-nel="https://nel.heroku.com/reports?s=Xm5jWbVSpVBv58ZgEuHEARWrQ1%2BhfLjHas8rgk8Jv4U%3D&amp;sid=c46efe9b-d3d2-4a0c-8c76-bfafa16c5add&amp;ts=1758683663"', 'Server': 'Heroku', 'Via': '1.1 heroku-router', 'X-Powered-By': 'Express'} 
 body=Created 
 </msg>
<msg timestamp="20250924 00:14:24.624" level="INFO">C:\Users\ghepp\AppData\Roaming\Python\Python313\site-packages\urllib3\connectionpool.py:1097: InsecureRequestWarning: Unverified HTTPS request is being made to host 'restful-booker.herokuapp.com'. Adding certificate verification is strongly advised. See: https://urllib3.readthedocs.io/en/latest/advanced-usage.html#tls-warnings
  warnings.warn(</msg>
<msg timestamp="20250924 00:14:24.624" level="INFO">${response} = &lt;Response [201]&gt;</msg>
<status status="PASS" starttime="20250924 00:14:24.476" endtime="20250924 00:14:24.624"/>
</kw>
<kw name="Log Response Details" library="common_keywords">
<arg>${response}</arg>
<doc>Log detailed response information</doc>
<kw name="Log" library="BuiltIn">
<arg>Status Code: ${response.status_code}</arg>
<doc>Logs the given message with the given level.</doc>
<msg timestamp="20250924 00:14:24.625" level="INFO">Status Code: 201</msg>
<status status="PASS" starttime="20250924 00:14:24.625" endtime="20250924 00:14:24.625"/>
</kw>
<kw name="Log" library="BuiltIn">
<arg>Response Headers: ${response.headers}</arg>
<doc>Logs the given message with the given level.</doc>
<msg timestamp="20250924 00:14:24.626" level="INFO">Response Headers: {'Content-Length': '7', 'Content-Type': 'text/plain; charset=utf-8', 'Date': 'Wed, 24 Sep 2025 03:14:23 GMT', 'Etag': 'W/"7-rM9AyJuqT6iOan/xHh+AW+7K/T8"', 'Nel': '{"report_to":"heroku-nel","response_headers":["Via"],"max_age":3600,"success_fraction":0.01,"failure_fraction":0.1}', 'Report-To': '{"group":"heroku-nel","endpoints":[{"url":"https://nel.heroku.com/reports?s=Xm5jWbVSpVBv58ZgEuHEARWrQ1%2BhfLjHas8rgk8Jv4U%3D\\u0026sid=c46efe9b-d3d2-4a0c-8c76-bfafa16c5add\\u0026ts=1758683663"}],"max_age":3600}', 'Reporting-Endpoints': 'heroku-nel="https://nel.heroku.com/reports?s=Xm5jWbVSpVBv58ZgEuHEARWrQ1%2BhfLjHas8rgk8Jv4U%3D&amp;sid=c46efe9b-d3d2-4a0c-8c76-bfafa16c5add&amp;ts=1758683663"', 'Server': 'Heroku', 'Via': '1.1 heroku-router', 'X-Powered-By': 'Express'}</msg>
<status status="PASS" starttime="20250924 00:14:24.626" endtime="20250924 00:14:24.626"/>
</kw>
<kw name="Log" library="BuiltIn">
<arg>Response Body: ${response.text}</arg>
<doc>Logs the given message with the given level.</doc>
<msg timestamp="20250924 00:14:24.627" level="INFO">Response Body: Created</msg>
<status status="PASS" starttime="20250924 00:14:24.626" endtime="20250924 00:14:24.627"/>
</kw>
<status status="PASS" starttime="20250924 00:14:24.625" endtime="20250924 00:14:24.627"/>
</kw>
<kw name="Set Suite Variable" library="BuiltIn">
<arg>${DELETE_RESPONSE}</arg>
<arg>${response}</arg>
<doc>Makes a variable available everywhere within the scope of the current suite.</doc>
<msg timestamp="20250924 00:14:24.628" level="INFO">${DELETE_RESPONSE} = &lt;Response [201]&gt;</msg>
<status status="PASS" starttime="20250924 00:14:24.627" endtime="20250924 00:14:24.628"/>
</kw>
<return>
<value>${response}</value>
<status status="PASS" starttime="20250924 00:14:24.628" endtime="20250924 00:14:24.628"/>
</return>
<msg timestamp="20250924 00:14:24.628" level="INFO">${response} = &lt;Response [201]&gt;</msg>
<status status="PASS" starttime="20250924 00:14:24.474" endtime="20250924 00:14:24.628"/>
</kw>
<kw name="Validate Response Status" library="common_keywords">
<arg>${response}</arg>
<arg>201</arg>
<doc>Validate HTTP response status code</doc>
<kw name="Should Be Equal As Integers" library="BuiltIn">
<arg>${response.status_code}</arg>
<arg>${expected_status}</arg>
<doc>Fails if objects are unequal after converting them to integers.</doc>
<msg timestamp="20250924 00:14:24.630" level="INFO">Argument types are:
&lt;class 'int'&gt;
&lt;class 'str'&gt;</msg>
<status status="PASS" starttime="20250924 00:14:24.629" endtime="20250924 00:14:24.630"/>
</kw>
<kw name="Log" library="BuiltIn">
<arg>Response Status: ${response.status_code}</arg>
<doc>Logs the given message with the given level.</doc>
<msg timestamp="20250924 00:14:24.631" level="INFO">Response Status: 201</msg>
<status status="PASS" starttime="20250924 00:14:24.630" endtime="20250924 00:14:24.631"/>
</kw>
<status status="PASS" starttime="20250924 00:14:24.629" endtime="20250924 00:14:24.631"/>
</kw>
<kw name="Get Booking By ID" library="booking_keywords">
<var>${get_response}</var>
<arg>${CURRENT_BOOKING_ID}</arg>
<doc>Retrieve booking details by ID</doc>
<kw name="GET On Session" library="RequestsLibrary">
<var>${response}</var>
<arg>${API_SESSION}</arg>
<arg>${BOOKING_ENDPOINT}/${booking_id}</arg>
<arg>expected_status=any</arg>
<doc>Sends a GET request on a previously created HTTP Session.</doc>
<msg timestamp="20250924 00:14:24.780" level="INFO">GET Request : url=https://restful-booker.herokuapp.com/booking/1924 
 path_url=/booking/1924 
 headers={'User-Agent': 'python-requests/2.31.0', 'Accept-Encoding': 'gzip, deflate', 'Accept': '*/*', 'Connection': 'keep-alive'} 
 body=None 
 </msg>
<msg timestamp="20250924 00:14:24.780" level="INFO">GET Response : url=https://restful-booker.herokuapp.com/booking/1924 
 status=404, reason=Not Found 
 headers={'Content-Length': '9', 'Content-Type': 'text/plain; charset=utf-8', 'Date': 'Wed, 24 Sep 2025 03:14:23 GMT', 'Etag': 'W/"9-0gXL1ngzMqISxa6S1zx3F4wtLyg"', 'Nel': '{"report_to":"heroku-nel","response_headers":["Via"],"max_age":3600,"success_fraction":0.01,"failure_fraction":0.1}', 'Report-To': '{"group":"heroku-nel","endpoints":[{"url":"https://nel.heroku.com/reports?s=Xm5jWbVSpVBv58ZgEuHEARWrQ1%2BhfLjHas8rgk8Jv4U%3D\\u0026sid=c46efe9b-d3d2-4a0c-8c76-bfafa16c5add\\u0026ts=1758683663"}],"max_age":3600}', 'Reporting-Endpoints': 'heroku-nel="https://nel.heroku.com/reports?s=Xm5jWbVSpVBv58ZgEuHEARWrQ1%2BhfLjHas8rgk8Jv4U%3D&amp;sid=c46efe9b-d3d2-4a0c-8c76-bfafa16c5add&amp;ts=1758683663"', 'Server': 'Heroku', 'Via': '1.1 heroku-router', 'X-Powered-By': 'Express'} 
 body=Not Found 
 </msg>
<msg timestamp="20250924 00:14:24.781" level="INFO">C:\Users\ghepp\AppData\Roaming\Python\Python313\site-packages\urllib3\connectionpool.py:1097: InsecureRequestWarning: Unverified HTTPS request is being made to host 'restful-booker.herokuapp.com'. Adding certificate verification is strongly advised. See: https://urllib3.readthedocs.io/en/latest/advanced-usage.html#tls-warnings
  warnings.warn(</msg>
<msg timestamp="20250924 00:14:24.782" level="INFO">${response} = &lt;Response [404]&gt;</msg>
<status status="PASS" starttime="20250924 00:14:24.632" endtime="20250924 00:14:24.782"/>
</kw>
<kw name="Log Response Details" library="common_keywords">
<arg>${response}</arg>
<doc>Log detailed response information</doc>
<kw name="Log" library="BuiltIn">
<arg>Status Code: ${response.status_code}</arg>
<doc>Logs the given message with the given level.</doc>
<msg timestamp="20250924 00:14:24.785" level="INFO">Status Code: 404</msg>
<status status="PASS" starttime="20250924 00:14:24.783" endtime="20250924 00:14:24.785"/>
</kw>
<kw name="Log" library="BuiltIn">
<arg>Response Headers: ${response.headers}</arg>
<doc>Logs the given message with the given level.</doc>
<msg timestamp="20250924 00:14:24.788" level="INFO">Response Headers: {'Content-Length': '9', 'Content-Type': 'text/plain; charset=utf-8', 'Date': 'Wed, 24 Sep 2025 03:14:23 GMT', 'Etag': 'W/"9-0gXL1ngzMqISxa6S1zx3F4wtLyg"', 'Nel': '{"report_to":"heroku-nel","response_headers":["Via"],"max_age":3600,"success_fraction":0.01,"failure_fraction":0.1}', 'Report-To': '{"group":"heroku-nel","endpoints":[{"url":"https://nel.heroku.com/reports?s=Xm5jWbVSpVBv58ZgEuHEARWrQ1%2BhfLjHas8rgk8Jv4U%3D\\u0026sid=c46efe9b-d3d2-4a0c-8c76-bfafa16c5add\\u0026ts=1758683663"}],"max_age":3600}', 'Reporting-Endpoints': 'heroku-nel="https://nel.heroku.com/reports?s=Xm5jWbVSpVBv58ZgEuHEARWrQ1%2BhfLjHas8rgk8Jv4U%3D&amp;sid=c46efe9b-d3d2-4a0c-8c76-bfafa16c5add&amp;ts=1758683663"', 'Server': 'Heroku', 'Via': '1.1 heroku-router', 'X-Powered-By': 'Express'}</msg>
<status status="PASS" starttime="20250924 00:14:24.786" endtime="20250924 00:14:24.788"/>
</kw>
<kw name="Log" library="BuiltIn">
<arg>Response Body: ${response.text}</arg>
<doc>Logs the given message with the given level.</doc>
<msg timestamp="20250924 00:14:24.790" level="INFO">Response Body: Not Found</msg>
<status status="PASS" starttime="20250924 00:14:24.788" endtime="20250924 00:14:24.790"/>
</kw>
<status status="PASS" starttime="20250924 00:14:24.783" endtime="20250924 00:14:24.790"/>
</kw>
<kw name="Set Suite Variable" library="BuiltIn">
<arg>${GET_RESPONSE}</arg>
<arg>${response}</arg>
<doc>Makes a variable available everywhere within the scope of the current suite.</doc>
<msg timestamp="20250924 00:14:24.791" level="INFO">${GET_RESPONSE} = &lt;Response [404]&gt;</msg>
<status status="PASS" starttime="20250924 00:14:24.791" endtime="20250924 00:14:24.792"/>
</kw>
<return>
<value>${response}</value>
<status status="PASS" starttime="20250924 00:14:24.792" endtime="20250924 00:14:24.792"/>
</return>
<msg timestamp="20250924 00:14:24.792" level="INFO">${get_response} = &lt;Response [404]&gt;</msg>
<status status="PASS" starttime="20250924 00:14:24.631" endtime="20250924 00:14:24.792"/>
</kw>
<kw name="Should Be Equal As Integers" library="BuiltIn">
<arg>${get_response.status_code}</arg>
<arg>404</arg>
<doc>Fails if objects are unequal after converting them to integers.</doc>
<msg timestamp="20250924 00:14:24.795" level="INFO">Argument types are:
&lt;class 'int'&gt;
&lt;class 'str'&gt;</msg>
<status status="PASS" starttime="20250924 00:14:24.794" endtime="20250924 00:14:24.796"/>
</kw>
<doc>Verify booking deletion functionality</doc>
<tag>booking</tag>
<tag>crud</tag>
<status status="PASS" starttime="20250924 00:14:23.637" endtime="20250924 00:14:24.797"/>
</test>
<kw name="Teardown Test Session" library="common_keywords" type="TEARDOWN">
<doc>Clean up API session</doc>
<kw name="Delete All Sessions" library="RequestsLibrary">
<doc>Removes all the session objects</doc>
<msg timestamp="20250924 00:14:24.802" level="INFO">Deleting All Sessions</msg>
<status status="PASS" starttime="20250924 00:14:24.802" endtime="20250924 00:14:24.802"/>
</kw>
<status status="PASS" starttime="20250924 00:14:24.801" endtime="20250924 00:14:24.802"/>
</kw>
<doc>Booking API Tests - Complete CRUD Operations</doc>
<status status="PASS" starttime="20250924 00:14:09.534" endtime="20250924 00:14:24.803"/>
</suite>
<statistics>
<total>
<stat pass="4" fail="0" skip="0">All Tests</stat>
</total>
<tag>
<stat pass="4" fail="0" skip="0">booking</stat>
<stat pass="4" fail="0" skip="0">crud</stat>
<stat pass="1" fail="0" skip="0">smoke</stat>
</tag>
<suite>
<stat pass="4" fail="0" skip="0" id="s1" name="Booking Tests">Booking Tests</stat>
</suite>
</statistics>
<errors>
</errors>
</robot>
